#
# There is insufficient memory for the Java Runtime Environment to continue.
# Native memory allocation (mmap) failed to map 238026752 bytes. Error detail: G1 virtual space
# Possible reasons:
#   The system is out of physical RAM or swap space
#   This process is running with CompressedOops enabled, and the Java Heap may be blocking the growth of the native heap
# Possible solutions:
#   Reduce memory load on the system
#   Increase physical memory or swap space
#   Check if swap backing store is full
#   Decrease Java heap size (-Xmx/-Xms)
#   Decrease number of Java threads
#   Decrease Java thread stack sizes (-Xss)
#   Set larger code cache with -XX:ReservedCodeCacheSize=
#   JVM is running with Unscaled Compressed Oops mode in which the Java heap is
#     placed in the first 4GB address space. The Java Heap base address is the
#     maximum limit for the native heap growth. Please use -XX:HeapBaseMinAddress
#     to set the Java Heap base and to place the Java Heap above 4GB virtual address.
# This output file may be truncated or incomplete.
#
#  Out of Memory Error (os_windows.cpp:3898), pid=10968, tid=8388
#
# JRE version: OpenJDK Runtime Environment (21.0.7) (build 21.0.7+-13880790-b1038.58)
# Java VM: OpenJDK 64-Bit Server VM (21.0.7+-13880790-b1038.58, mixed mode, tiered, compressed oops, compressed class ptrs, g1 gc, windows-amd64)
# No core dump will be written. Minidumps are not enabled by default on client versions of Windows
#

---------------  S U M M A R Y ------------

Command Line: --add-opens=java.base/java.lang=ALL-UNNAMED --add-opens=java.base/java.lang.invoke=ALL-UNNAMED --add-opens=java.base/java.util=ALL-UNNAMED --add-opens=java.prefs/java.util.prefs=ALL-UNNAMED --add-exports=jdk.compiler/com.sun.tools.javac.api=ALL-UNNAMED --add-exports=jdk.compiler/com.sun.tools.javac.util=ALL-UNNAMED --add-opens=java.base/java.util=ALL-UNNAMED --add-opens=java.prefs/java.util.prefs=ALL-UNNAMED --add-opens=java.base/java.nio.charset=ALL-UNNAMED --add-opens=java.base/java.net=ALL-UNNAMED --add-opens=java.base/java.util.concurrent.atomic=ALL-UNNAMED --add-opens=java.xml/javax.xml.namespace=ALL-UNNAMED -XX:MaxMetaspaceSize=512m -Xmx2048m -Dfile.encoding=UTF-8 -Duser.country=CA -Duser.language=en -Duser.variant -javaagent:C:\Users\HP\.gradle\wrapper\dists\gradle-8.14.3-bin\cv11ve7ro1n3o1j4so8xd9n66\gradle-8.14.3\lib\agents\gradle-instrumentation-agent-8.14.3.jar org.gradle.launcher.daemon.bootstrap.GradleDaemon 8.14.3

Host: Intel(R) Core(TM) i3-1005G1 CPU @ 1.20GHz, 4 cores, 7G,  Windows 11 , 64 bit Build 26100 (10.0.26100.5074)
Time: Tue Sep 16 16:28:01 2025 Eastern Daylight Time elapsed time: 144.475984 seconds (0d 0h 2m 24s)

---------------  T H R E A D  ---------------

Current thread (0x00000175d59b0fe0):  VMThread "VM Thread"          [id=8388, stack(0x000000017a900000,0x000000017aa00000) (1024K)]

Stack: [0x000000017a900000,0x000000017aa00000]
Native frames: (J=compiled Java code, j=interpreted, Vv=VM code, C=native code)
V  [jvm.dll+0x6d25c9]
V  [jvm.dll+0x860923]
V  [jvm.dll+0x862e7e]
V  [jvm.dll+0x863563]
V  [jvm.dll+0x27f156]
V  [jvm.dll+0x6ceee5]
V  [jvm.dll+0x6c29aa]
V  [jvm.dll+0x355ebb]
V  [jvm.dll+0x35db16]
V  [jvm.dll+0x3afb16]
V  [jvm.dll+0x3afde8]
V  [jvm.dll+0x32855c]
V  [jvm.dll+0x3285e7]
V  [jvm.dll+0x36e47c]
V  [jvm.dll+0x36cc2e]
V  [jvm.dll+0x327cb1]
V  [jvm.dll+0x36c330]
V  [jvm.dll+0x8692e8]
V  [jvm.dll+0x86a664]
V  [jvm.dll+0x86aba0]
V  [jvm.dll+0x86ae33]
V  [jvm.dll+0x808d08]
V  [jvm.dll+0x6d0e1d]
C  [ucrtbase.dll+0x37b0]
C  [KERNEL32.DLL+0x2e8d7]
C  [ntdll.dll+0x8d9c]

VM_Operation (0x000000017d5fa180): G1CollectForAllocation, mode: safepoint, requested by thread 0x00000175ddade270


---------------  P R O C E S S  ---------------

Threads class SMR info:
_java_thread_list=0x00000175dc4b8740, length=46, elements={
0x00000175beb6dcd0, 0x00000175d5b63800, 0x00000175d5b66480, 0x00000175d5b98bf0,
0x00000175d5bad300, 0x00000175d5bad970, 0x00000175d5badfe0, 0x00000175d5bae650,
0x00000175d5baeff0, 0x00000175d5ba61b0, 0x00000175d5e91290, 0x00000175db9e2bd0,
0x00000175da968310, 0x00000175dac0aa20, 0x00000175d5c260c0, 0x00000175d5c26b00,
0x00000175d5df9db0, 0x00000175d5df4bc0, 0x00000175d5df3ea0, 0x00000175d5df3810,
0x00000175d5df4530, 0x00000175dafe0040, 0x00000175dafe13f0, 0x00000175dafe2110,
0x00000175dafdf320, 0x00000175dafe0d60, 0x00000175dafe1a80, 0x00000175dafdec90,
0x00000175dafe2e30, 0x00000175dafdf9b0, 0x00000175dafe5c20, 0x00000175dafe4870,
0x00000175dafe41e0, 0x00000175dafe3b50, 0x00000175dafe4f00, 0x00000175dafe27a0,
0x00000175dafe5590, 0x00000175ddadcec0, 0x00000175ddade900, 0x00000175ddae09d0,
0x00000175ddadd550, 0x00000175ddaddbe0, 0x00000175ddae0340, 0x00000175ddae16f0,
0x00000175ddade270, 0x00000175ddae2aa0
}

Java Threads: ( => current thread )
  0x00000175beb6dcd0 JavaThread "main"                              [_thread_blocked, id=5724, stack(0x000000017a200000,0x000000017a300000) (1024K)]
  0x00000175d5b63800 JavaThread "Common-Cleaner"             daemon [_thread_blocked, id=17664, stack(0x000000017aa00000,0x000000017ab00000) (1024K)]
  0x00000175d5b66480 JavaThread "Reference Handler"          daemon [_thread_blocked, id=24840, stack(0x000000017ab00000,0x000000017ac00000) (1024K)]
  0x00000175d5b98bf0 JavaThread "Finalizer"                  daemon [_thread_blocked, id=20816, stack(0x000000017ac00000,0x000000017ad00000) (1024K)]
  0x00000175d5bad300 JavaThread "Signal Dispatcher"          daemon [_thread_blocked, id=18136, stack(0x000000017ad00000,0x000000017ae00000) (1024K)]
  0x00000175d5bad970 JavaThread "Attach Listener"            daemon [_thread_blocked, id=20004, stack(0x000000017ae00000,0x000000017af00000) (1024K)]
  0x00000175d5badfe0 JavaThread "Service Thread"             daemon [_thread_blocked, id=22608, stack(0x000000017af00000,0x000000017b000000) (1024K)]
  0x00000175d5bae650 JavaThread "Monitor Deflation Thread"   daemon [_thread_blocked, id=22432, stack(0x000000017b000000,0x000000017b100000) (1024K)]
  0x00000175d5baeff0 JavaThread "C2 CompilerThread0"         daemon [_thread_blocked, id=13680, stack(0x000000017b100000,0x000000017b200000) (1024K)]
  0x00000175d5ba61b0 JavaThread "C1 CompilerThread0"         daemon [_thread_blocked, id=8128, stack(0x000000017b200000,0x000000017b300000) (1024K)]
  0x00000175d5e91290 JavaThread "Notification Thread"        daemon [_thread_blocked, id=11876, stack(0x000000017b300000,0x000000017b400000) (1024K)]
  0x00000175db9e2bd0 JavaThread "Daemon health stats"               [_thread_blocked, id=15992, stack(0x000000017b700000,0x000000017b800000) (1024K)]
  0x00000175da968310 JavaThread "Incoming local TCP Connector on port 54047"        [_thread_in_native, id=13488, stack(0x000000017b800000,0x000000017b900000) (1024K)]
  0x00000175dac0aa20 JavaThread "Daemon periodic checks"            [_thread_blocked, id=14956, stack(0x000000017b900000,0x000000017ba00000) (1024K)]
  0x00000175d5c260c0 JavaThread "Daemon"                            [_thread_blocked, id=15232, stack(0x000000017ba00000,0x000000017bb00000) (1024K)]
  0x00000175d5c26b00 JavaThread "Handler for socket connection from /127.0.0.1:54047 to /127.0.0.1:54048"        [_thread_in_native, id=11044, stack(0x000000017bb00000,0x000000017bc00000) (1024K)]
  0x00000175d5df9db0 JavaThread "Cancel handler"                    [_thread_blocked, id=23288, stack(0x000000017bc00000,0x000000017bd00000) (1024K)]
  0x00000175d5df4bc0 JavaThread "Daemon worker"                     [_thread_blocked, id=16488, stack(0x000000017bd00000,0x000000017be00000) (1024K)]
  0x00000175d5df3ea0 JavaThread "Asynchronous log dispatcher for DefaultDaemonConnection: socket connection from /127.0.0.1:54047 to /127.0.0.1:54048"        [_thread_blocked, id=24420, stack(0x000000017be00000,0x000000017bf00000) (1024K)]
  0x00000175d5df3810 JavaThread "Stdin handler"                     [_thread_blocked, id=10036, stack(0x000000017bf00000,0x000000017c000000) (1024K)]
  0x00000175d5df4530 JavaThread "Daemon client event forwarder"        [_thread_blocked, id=8796, stack(0x000000017c000000,0x000000017c100000) (1024K)]
  0x00000175dafe0040 JavaThread "Cache worker for journal cache (C:\Users\HP\.gradle\caches\journal-1)"        [_thread_blocked, id=18220, stack(0x000000017c100000,0x000000017c200000) (1024K)]
  0x00000175dafe13f0 JavaThread "File lock request listener"        [_thread_in_native, id=20580, stack(0x000000017c200000,0x000000017c300000) (1024K)]
  0x00000175dafe2110 JavaThread "Cache worker for file hash cache (C:\Users\HP\.gradle\caches\8.14.3\fileHashes)"        [_thread_blocked, id=3652, stack(0x000000017c300000,0x000000017c400000) (1024K)]
  0x00000175dafdf320 JavaThread "Cache worker for file hash cache (C:\Users\HP\Desktop\CROSS PLATFORM\week1\EnvironmentTest\android\.gradle\8.14.3\fileHashes)"        [_thread_blocked, id=4160, stack(0x000000017c400000,0x000000017c500000) (1024K)]
  0x00000175dafe0d60 JavaThread "Cache worker for Build Output Cleanup Cache (C:\Users\HP\Desktop\CROSS PLATFORM\week1\EnvironmentTest\android\.gradle\buildOutputCleanup)"        [_thread_blocked, id=19692, stack(0x000000017c500000,0x000000017c600000) (1024K)]
  0x00000175dafe1a80 JavaThread "File watcher server"        daemon [_thread_in_native, id=8992, stack(0x000000017c600000,0x000000017c700000) (1024K)]
  0x00000175dafdec90 JavaThread "File watcher consumer"      daemon [_thread_blocked, id=6484, stack(0x000000017c700000,0x000000017c800000) (1024K)]
  0x00000175dafe2e30 JavaThread "jar transforms"                    [_thread_blocked, id=8876, stack(0x000000017c800000,0x000000017c900000) (1024K)]
  0x00000175dafdf9b0 JavaThread "jar transforms Thread 2"           [_thread_blocked, id=19488, stack(0x000000017c900000,0x000000017ca00000) (1024K)]
  0x00000175dafe5c20 JavaThread "jar transforms Thread 3"           [_thread_blocked, id=7116, stack(0x000000017ca00000,0x000000017cb00000) (1024K)]
  0x00000175dafe4870 JavaThread "jar transforms Thread 4"           [_thread_blocked, id=1488, stack(0x000000017cb00000,0x000000017cc00000) (1024K)]
  0x00000175dafe41e0 JavaThread "Cache worker for checksums cache (C:\Users\HP\Desktop\CROSS PLATFORM\week1\EnvironmentTest\android\.gradle\8.14.3\checksums)"        [_thread_blocked, id=20744, stack(0x000000017a000000,0x000000017a100000) (1024K)]
  0x00000175dafe3b50 JavaThread "Cache worker for file content cache (C:\Users\HP\.gradle\caches\8.14.3\fileContent)"        [_thread_blocked, id=17484, stack(0x000000017a100000,0x000000017a200000) (1024K)]
  0x00000175dafe4f00 JavaThread "Cache worker for cache directory md-supplier (C:\Users\HP\.gradle\caches\8.14.3\md-supplier)"        [_thread_blocked, id=9756, stack(0x000000017cc00000,0x000000017cd00000) (1024K)]
  0x00000175dafe27a0 JavaThread "Cache worker for cache directory md-rule (C:\Users\HP\.gradle\caches\8.14.3\md-rule)"        [_thread_blocked, id=8704, stack(0x000000017cd00000,0x000000017ce00000) (1024K)]
  0x00000175dafe5590 JavaThread "Unconstrained build operations"        [_thread_blocked, id=15268, stack(0x0000000179f00000,0x000000017a000000) (1024K)]
  0x00000175ddadcec0 JavaThread "Unconstrained build operations Thread 2"        [_thread_blocked, id=10160, stack(0x000000017ce00000,0x000000017cf00000) (1024K)]
  0x00000175ddade900 JavaThread "Unconstrained build operations Thread 3"        [_thread_blocked, id=17292, stack(0x000000017cf00000,0x000000017d000000) (1024K)]
  0x00000175ddae09d0 JavaThread "Unconstrained build operations Thread 4"        [_thread_blocked, id=17764, stack(0x000000017d000000,0x000000017d100000) (1024K)]
  0x00000175ddadd550 JavaThread "Unconstrained build operations Thread 5"        [_thread_blocked, id=10884, stack(0x000000017d100000,0x000000017d200000) (1024K)]
  0x00000175ddaddbe0 JavaThread "Unconstrained build operations Thread 6"        [_thread_blocked, id=3404, stack(0x000000017d200000,0x000000017d300000) (1024K)]
  0x00000175ddae0340 JavaThread "Unconstrained build operations Thread 7"        [_thread_blocked, id=12712, stack(0x000000017d300000,0x000000017d400000) (1024K)]
  0x00000175ddae16f0 JavaThread "Unconstrained build operations Thread 8"        [_thread_blocked, id=22572, stack(0x000000017d400000,0x000000017d500000) (1024K)]
  0x00000175ddade270 JavaThread "Unconstrained build operations Thread 9"        [_thread_blocked, id=10512, stack(0x000000017d500000,0x000000017d600000) (1024K)]
  0x00000175ddae2aa0 JavaThread "Unconstrained build operations Thread 10"        [_thread_blocked, id=20560, stack(0x000000017d600000,0x000000017d700000) (1024K)]
Total: 46

Other Threads:
=>0x00000175d59b0fe0 VMThread "VM Thread"                           [id=8388, stack(0x000000017a900000,0x000000017aa00000) (1024K)]
  0x00000175d59516d0 WatcherThread "VM Periodic Task Thread"        [id=18528, stack(0x000000017a800000,0x000000017a900000) (1024K)]
  0x00000175bebc4120 WorkerThread "GC Thread#0"                     [id=14720, stack(0x000000017a300000,0x000000017a400000) (1024K)]
  0x00000175d5f1dac0 WorkerThread "GC Thread#1"                     [id=11668, stack(0x000000017b400000,0x000000017b500000) (1024K)]
  0x00000175d5f1de60 WorkerThread "GC Thread#2"                     [id=8332, stack(0x000000017b500000,0x000000017b600000) (1024K)]
  0x00000175da9c9f30 WorkerThread "GC Thread#3"                     [id=3392, stack(0x000000017b600000,0x000000017b700000) (1024K)]
  0x00000175bebd5b90 ConcurrentGCThread "G1 Main Marker"            [id=2204, stack(0x000000017a400000,0x000000017a500000) (1024K)]
  0x00000175bebd7120 WorkerThread "G1 Conc#0"                       [id=25280, stack(0x000000017a500000,0x000000017a600000) (1024K)]
  0x00000175bec2e400 ConcurrentGCThread "G1 Refine#0"               [id=10560, stack(0x000000017a600000,0x000000017a700000) (1024K)]
  0x00000175d5826060 ConcurrentGCThread "G1 Service"                [id=19512, stack(0x000000017a700000,0x000000017a800000) (1024K)]
Total: 10

Threads with active compile tasks:
C2 CompilerThread0  144546 9496       4       org.objectweb.asm.ClassReader::accept (1419 bytes)
Total: 1

VM state: at safepoint (normal execution)

VM Mutex/Monitor currently owned by a thread:  ([mutex/lock_event])
[0x00007ffb073a1468] Threads_lock - owner thread: 0x00000175d59b0fe0
[0x00007ffb073a1568] Heap_lock - owner thread: 0x00000175ddade270

Heap address: 0x0000000080000000, size: 2048 MB, Compressed Oops mode: 32-bit

CDS archive(s) not mapped
Compressed class space mapped at: 0x0000000100000000-0x000000011a000000, reserved size: 436207616
Narrow klass base: 0x0000000000000000, Narrow klass shift: 3, Narrow klass range: 0x11a000000

GC Precious Log:
 CardTable entry size: 512
 Card Set container configuration: InlinePtr #cards 5 size 8 Array Of Cards #cards 12 size 40 Howl #buckets 4 coarsen threshold 1843 Howl Bitmap #cards 512 size 80 coarsen threshold 460 Card regions per heap region 1 cards per card region 2048
 CPUs: 4 total, 4 available
 Memory: 7973M
 Large Page Support: Disabled
 NUMA Support: Disabled
 Compressed Oops: Enabled (32-bit)
 Heap Region Size: 1M
 Heap Min Capacity: 8M
 Heap Initial Capacity: 126M
 Heap Max Capacity: 2G
 Pre-touch: Disabled
 Parallel Workers: 4
 Concurrent Workers: 1
 Concurrent Refinement Workers: 4
 Periodic GC: Disabled

Heap:
 garbage-first heap   total 252928K, used 183763K [0x0000000080000000, 0x0000000100000000)
  region size 1024K, 3 young (3072K), 3 survivors (3072K)
 Metaspace       used 66380K, committed 67904K, reserved 491520K
  class space    used 9082K, committed 9792K, reserved 425984K

Heap Regions: E=young(eden), S=young(survivor), O=old, HS=humongous(starts), HC=humongous(continues), CS=collection set, F=free, TAMS=top-at-mark-start, PB=parsable bottom
|   0|0x0000000080000000, 0x0000000080100000, 0x0000000080100000|100%|HS|  |TAMS 0x0000000080100000| PB 0x0000000080000000| Complete 
|   1|0x0000000080100000, 0x0000000080200000, 0x0000000080200000|100%|HC|  |TAMS 0x0000000080200000| PB 0x0000000080100000| Complete 
|   2|0x0000000080200000, 0x0000000080300000, 0x0000000080300000|100%|HC|  |TAMS 0x0000000080300000| PB 0x0000000080200000| Complete 
|   3|0x0000000080300000, 0x0000000080400000, 0x0000000080400000|100%| O|  |TAMS 0x0000000080400000| PB 0x0000000080300000| Untracked 
|   4|0x0000000080400000, 0x0000000080500000, 0x0000000080500000|100%| O|  |TAMS 0x0000000080500000| PB 0x0000000080400000| Untracked 
|   5|0x0000000080500000, 0x0000000080600000, 0x0000000080600000|100%| O|  |TAMS 0x0000000080600000| PB 0x0000000080500000| Untracked 
|   6|0x0000000080600000, 0x0000000080700000, 0x0000000080700000|100%| O|  |TAMS 0x0000000080700000| PB 0x0000000080600000| Untracked 
|   7|0x0000000080700000, 0x0000000080800000, 0x0000000080800000|100%|HS|  |TAMS 0x0000000080800000| PB 0x0000000080700000| Complete 
|   8|0x0000000080800000, 0x0000000080900000, 0x0000000080900000|100%| O|  |TAMS 0x0000000080900000| PB 0x0000000080800000| Untracked 
|   9|0x0000000080900000, 0x0000000080a00000, 0x0000000080a00000|100%| O|  |TAMS 0x0000000080a00000| PB 0x0000000080900000| Untracked 
|  10|0x0000000080a00000, 0x0000000080b00000, 0x0000000080b00000|100%| O|  |TAMS 0x0000000080b00000| PB 0x0000000080a00000| Untracked 
|  11|0x0000000080b00000, 0x0000000080c00000, 0x0000000080c00000|100%| O|  |TAMS 0x0000000080c00000| PB 0x0000000080b00000| Untracked 
|  12|0x0000000080c00000, 0x0000000080d00000, 0x0000000080d00000|100%| O|  |TAMS 0x0000000080d00000| PB 0x0000000080c00000| Untracked 
|  13|0x0000000080d00000, 0x0000000080e00000, 0x0000000080e00000|100%| O|  |TAMS 0x0000000080e00000| PB 0x0000000080d00000| Untracked 
|  14|0x0000000080e00000, 0x0000000080f00000, 0x0000000080f00000|100%| O|  |TAMS 0x0000000080f00000| PB 0x0000000080e00000| Untracked 
|  15|0x0000000080f00000, 0x0000000081000000, 0x0000000081000000|100%| O|  |TAMS 0x0000000081000000| PB 0x0000000080f00000| Untracked 
|  16|0x0000000081000000, 0x0000000081100000, 0x0000000081100000|100%| O|  |TAMS 0x0000000081100000| PB 0x0000000081000000| Untracked 
|  17|0x0000000081100000, 0x0000000081200000, 0x0000000081200000|100%| O|  |TAMS 0x0000000081200000| PB 0x0000000081100000| Untracked 
|  18|0x0000000081200000, 0x0000000081300000, 0x0000000081300000|100%| O|  |TAMS 0x0000000081300000| PB 0x0000000081200000| Untracked 
|  19|0x0000000081300000, 0x0000000081400000, 0x0000000081400000|100%| O|  |TAMS 0x0000000081400000| PB 0x0000000081300000| Untracked 
|  20|0x0000000081400000, 0x0000000081500000, 0x0000000081500000|100%| O|  |TAMS 0x0000000081500000| PB 0x0000000081400000| Untracked 
|  21|0x0000000081500000, 0x0000000081600000, 0x0000000081600000|100%| O|  |TAMS 0x0000000081600000| PB 0x0000000081500000| Untracked 
|  22|0x0000000081600000, 0x0000000081700000, 0x0000000081700000|100%| O|  |TAMS 0x0000000081700000| PB 0x0000000081600000| Untracked 
|  23|0x0000000081700000, 0x0000000081800000, 0x0000000081800000|100%| O|  |TAMS 0x0000000081800000| PB 0x0000000081700000| Untracked 
|  24|0x0000000081800000, 0x0000000081900000, 0x0000000081900000|100%|HS|  |TAMS 0x0000000081900000| PB 0x0000000081800000| Complete 
|  25|0x0000000081900000, 0x0000000081a00000, 0x0000000081a00000|100%|HC|  |TAMS 0x0000000081a00000| PB 0x0000000081900000| Complete 
|  26|0x0000000081a00000, 0x0000000081b00000, 0x0000000081b00000|100%|HC|  |TAMS 0x0000000081b00000| PB 0x0000000081a00000| Complete 
|  27|0x0000000081b00000, 0x0000000081c00000, 0x0000000081c00000|100%|HC|  |TAMS 0x0000000081c00000| PB 0x0000000081b00000| Complete 
|  28|0x0000000081c00000, 0x0000000081d00000, 0x0000000081d00000|100%|HC|  |TAMS 0x0000000081d00000| PB 0x0000000081c00000| Complete 
|  29|0x0000000081d00000, 0x0000000081e00000, 0x0000000081e00000|100%|HC|  |TAMS 0x0000000081e00000| PB 0x0000000081d00000| Complete 
|  30|0x0000000081e00000, 0x0000000081f00000, 0x0000000081f00000|100%|HS|  |TAMS 0x0000000081f00000| PB 0x0000000081e00000| Complete 
|  31|0x0000000081f00000, 0x0000000082000000, 0x0000000082000000|100%|HS|  |TAMS 0x0000000082000000| PB 0x0000000081f00000| Complete 
|  32|0x0000000082000000, 0x0000000082100000, 0x0000000082100000|100%|HC|  |TAMS 0x0000000082100000| PB 0x0000000082000000| Complete 
|  33|0x0000000082100000, 0x0000000082200000, 0x0000000082200000|100%|HC|  |TAMS 0x0000000082200000| PB 0x0000000082100000| Complete 
|  34|0x0000000082200000, 0x0000000082300000, 0x0000000082300000|100%|HC|  |TAMS 0x0000000082300000| PB 0x0000000082200000| Complete 
|  35|0x0000000082300000, 0x0000000082400000, 0x0000000082400000|100%|HS|  |TAMS 0x0000000082400000| PB 0x0000000082300000| Complete 
|  36|0x0000000082400000, 0x0000000082500000, 0x0000000082500000|100%|HC|  |TAMS 0x0000000082500000| PB 0x0000000082400000| Complete 
|  37|0x0000000082500000, 0x0000000082600000, 0x0000000082600000|100%|HS|  |TAMS 0x0000000082600000| PB 0x0000000082500000| Complete 
|  38|0x0000000082600000, 0x0000000082700000, 0x0000000082700000|100%|HS|  |TAMS 0x0000000082700000| PB 0x0000000082600000| Complete 
|  39|0x0000000082700000, 0x0000000082800000, 0x0000000082800000|100%|HC|  |TAMS 0x0000000082800000| PB 0x0000000082700000| Complete 
|  40|0x0000000082800000, 0x0000000082900000, 0x0000000082900000|100%|HC|  |TAMS 0x0000000082900000| PB 0x0000000082800000| Complete 
|  41|0x0000000082900000, 0x0000000082a00000, 0x0000000082a00000|100%|HC|  |TAMS 0x0000000082a00000| PB 0x0000000082900000| Complete 
|  42|0x0000000082a00000, 0x0000000082b00000, 0x0000000082b00000|100%|HC|  |TAMS 0x0000000082b00000| PB 0x0000000082a00000| Complete 
|  43|0x0000000082b00000, 0x0000000082c00000, 0x0000000082c00000|100%|HC|  |TAMS 0x0000000082c00000| PB 0x0000000082b00000| Complete 
|  44|0x0000000082c00000, 0x0000000082d00000, 0x0000000082d00000|100%|HS|  |TAMS 0x0000000082d00000| PB 0x0000000082c00000| Complete 
|  45|0x0000000082d00000, 0x0000000082e00000, 0x0000000082e00000|100%|HS|  |TAMS 0x0000000082e00000| PB 0x0000000082d00000| Complete 
|  46|0x0000000082e00000, 0x0000000082f00000, 0x0000000082f00000|100%|HC|  |TAMS 0x0000000082f00000| PB 0x0000000082e00000| Complete 
|  47|0x0000000082f00000, 0x0000000083000000, 0x0000000083000000|100%|HC|  |TAMS 0x0000000083000000| PB 0x0000000082f00000| Complete 
|  48|0x0000000083000000, 0x0000000083100000, 0x0000000083100000|100%|HC|  |TAMS 0x0000000083100000| PB 0x0000000083000000| Complete 
|  49|0x0000000083100000, 0x0000000083200000, 0x0000000083200000|100%|HS|  |TAMS 0x0000000083200000| PB 0x0000000083100000| Complete 
|  50|0x0000000083200000, 0x0000000083300000, 0x0000000083300000|100%|HC|  |TAMS 0x0000000083300000| PB 0x0000000083200000| Complete 
|  51|0x0000000083300000, 0x0000000083400000, 0x0000000083400000|100%| O|  |TAMS 0x0000000083400000| PB 0x0000000083300000| Untracked 
|  52|0x0000000083400000, 0x0000000083500000, 0x0000000083500000|100%| O|  |TAMS 0x0000000083500000| PB 0x0000000083400000| Untracked 
|  53|0x0000000083500000, 0x0000000083600000, 0x0000000083600000|100%|HS|  |TAMS 0x0000000083600000| PB 0x0000000083500000| Complete 
|  54|0x0000000083600000, 0x0000000083700000, 0x0000000083700000|100%| O|  |TAMS 0x0000000083700000| PB 0x0000000083600000| Untracked 
|  55|0x0000000083700000, 0x0000000083800000, 0x0000000083800000|100%| O|  |TAMS 0x0000000083800000| PB 0x0000000083700000| Untracked 
|  56|0x0000000083800000, 0x0000000083900000, 0x0000000083900000|100%| O|  |TAMS 0x0000000083900000| PB 0x0000000083800000| Untracked 
|  57|0x0000000083900000, 0x0000000083a00000, 0x0000000083a00000|100%| O|  |TAMS 0x0000000083a00000| PB 0x0000000083900000| Untracked 
|  58|0x0000000083a00000, 0x0000000083b00000, 0x0000000083b00000|100%| O|  |TAMS 0x0000000083b00000| PB 0x0000000083a00000| Untracked 
|  59|0x0000000083b00000, 0x0000000083c00000, 0x0000000083c00000|100%| O|  |TAMS 0x0000000083c00000| PB 0x0000000083b00000| Untracked 
|  60|0x0000000083c00000, 0x0000000083d00000, 0x0000000083d00000|100%| O|  |TAMS 0x0000000083d00000| PB 0x0000000083c00000| Untracked 
|  61|0x0000000083d00000, 0x0000000083e00000, 0x0000000083e00000|100%| O|  |TAMS 0x0000000083e00000| PB 0x0000000083d00000| Untracked 
|  62|0x0000000083e00000, 0x0000000083f00000, 0x0000000083f00000|100%| O|  |TAMS 0x0000000083f00000| PB 0x0000000083e00000| Untracked 
|  63|0x0000000083f00000, 0x0000000084000000, 0x0000000084000000|100%| O|  |TAMS 0x0000000084000000| PB 0x0000000083f00000| Untracked 
|  64|0x0000000084000000, 0x0000000084100000, 0x0000000084100000|100%| O|  |TAMS 0x0000000084100000| PB 0x0000000084000000| Untracked 
|  65|0x0000000084100000, 0x0000000084200000, 0x0000000084200000|100%| O|  |TAMS 0x0000000084200000| PB 0x0000000084100000| Untracked 
|  66|0x0000000084200000, 0x0000000084300000, 0x0000000084300000|100%| O|  |TAMS 0x0000000084300000| PB 0x0000000084200000| Untracked 
|  67|0x0000000084300000, 0x0000000084400000, 0x0000000084400000|100%| O|  |TAMS 0x0000000084400000| PB 0x0000000084300000| Untracked 
|  68|0x0000000084400000, 0x0000000084500000, 0x0000000084500000|100%| O|  |TAMS 0x0000000084400000| PB 0x0000000084400000| Untracked 
|  69|0x0000000084500000, 0x0000000084600000, 0x0000000084600000|100%| O|  |TAMS 0x0000000084600000| PB 0x0000000084500000| Untracked 
|  70|0x0000000084600000, 0x0000000084700000, 0x0000000084700000|100%| O|  |TAMS 0x0000000084700000| PB 0x0000000084600000| Untracked 
|  71|0x0000000084700000, 0x0000000084800000, 0x0000000084800000|100%| O|  |TAMS 0x0000000084800000| PB 0x0000000084700000| Untracked 
|  72|0x0000000084800000, 0x0000000084900000, 0x0000000084900000|100%| O|  |TAMS 0x0000000084900000| PB 0x0000000084800000| Untracked 
|  73|0x0000000084900000, 0x0000000084a00000, 0x0000000084a00000|100%| O|  |TAMS 0x0000000084a00000| PB 0x0000000084900000| Untracked 
|  74|0x0000000084a00000, 0x0000000084b00000, 0x0000000084b00000|100%| O|  |TAMS 0x0000000084b00000| PB 0x0000000084a00000| Untracked 
|  75|0x0000000084b00000, 0x0000000084c00000, 0x0000000084c00000|100%| O|  |TAMS 0x0000000084c00000| PB 0x0000000084b00000| Untracked 
|  76|0x0000000084c00000, 0x0000000084d00000, 0x0000000084d00000|100%| O|  |TAMS 0x0000000084d00000| PB 0x0000000084c00000| Untracked 
|  77|0x0000000084d00000, 0x0000000084e00000, 0x0000000084e00000|100%| O|  |TAMS 0x0000000084e00000| PB 0x0000000084d00000| Untracked 
|  78|0x0000000084e00000, 0x0000000084f00000, 0x0000000084f00000|100%| O|  |TAMS 0x0000000084f00000| PB 0x0000000084e00000| Untracked 
|  79|0x0000000084f00000, 0x0000000085000000, 0x0000000085000000|100%| O|  |TAMS 0x0000000085000000| PB 0x0000000084f00000| Untracked 
|  80|0x0000000085000000, 0x0000000085100000, 0x0000000085100000|100%| O|  |TAMS 0x0000000085100000| PB 0x0000000085000000| Untracked 
|  81|0x0000000085100000, 0x0000000085200000, 0x0000000085200000|100%| O|  |TAMS 0x0000000085200000| PB 0x0000000085100000| Untracked 
|  82|0x0000000085200000, 0x0000000085300000, 0x0000000085300000|100%| O|  |TAMS 0x0000000085300000| PB 0x0000000085200000| Untracked 
|  83|0x0000000085300000, 0x0000000085400000, 0x0000000085400000|100%| O|  |TAMS 0x0000000085400000| PB 0x0000000085300000| Untracked 
|  84|0x0000000085400000, 0x0000000085500000, 0x0000000085500000|100%| O|  |TAMS 0x0000000085500000| PB 0x0000000085400000| Untracked 
|  85|0x0000000085500000, 0x0000000085600000, 0x0000000085600000|100%| O|  |TAMS 0x0000000085600000| PB 0x0000000085500000| Untracked 
|  86|0x0000000085600000, 0x0000000085700000, 0x0000000085700000|100%| O|  |TAMS 0x0000000085700000| PB 0x0000000085600000| Untracked 
|  87|0x0000000085700000, 0x0000000085800000, 0x0000000085800000|100%| O|  |TAMS 0x0000000085800000| PB 0x0000000085700000| Untracked 
|  88|0x0000000085800000, 0x0000000085900000, 0x0000000085900000|100%| O|  |TAMS 0x0000000085900000| PB 0x0000000085800000| Untracked 
|  89|0x0000000085900000, 0x0000000085a00000, 0x0000000085a00000|100%| O|  |TAMS 0x0000000085a00000| PB 0x0000000085900000| Untracked 
|  90|0x0000000085a00000, 0x0000000085b00000, 0x0000000085b00000|100%| O|  |TAMS 0x0000000085b00000| PB 0x0000000085a00000| Untracked 
|  91|0x0000000085b00000, 0x0000000085c00000, 0x0000000085c00000|100%|HS|  |TAMS 0x0000000085c00000| PB 0x0000000085b00000| Complete 
|  92|0x0000000085c00000, 0x0000000085d00000, 0x0000000085d00000|100%|HC|  |TAMS 0x0000000085d00000| PB 0x0000000085c00000| Complete 
|  93|0x0000000085d00000, 0x0000000085e00000, 0x0000000085e00000|100%| O|  |TAMS 0x0000000085e00000| PB 0x0000000085d00000| Untracked 
|  94|0x0000000085e00000, 0x0000000085f00000, 0x0000000085f00000|100%| O|  |TAMS 0x0000000085f00000| PB 0x0000000085e00000| Untracked 
|  95|0x0000000085f00000, 0x0000000086000000, 0x0000000086000000|100%| O|  |TAMS 0x0000000086000000| PB 0x0000000085f00000| Untracked 
|  96|0x0000000086000000, 0x0000000086100000, 0x0000000086100000|100%| O|  |TAMS 0x0000000086100000| PB 0x0000000086000000| Untracked 
|  97|0x0000000086100000, 0x0000000086200000, 0x0000000086200000|100%| O|  |TAMS 0x0000000086200000| PB 0x0000000086100000| Untracked 
|  98|0x0000000086200000, 0x0000000086300000, 0x0000000086300000|100%| O|  |TAMS 0x0000000086300000| PB 0x0000000086200000| Untracked 
|  99|0x0000000086300000, 0x0000000086400000, 0x0000000086400000|100%| O|  |TAMS 0x0000000086300000| PB 0x0000000086300000| Untracked 
| 100|0x0000000086400000, 0x0000000086500000, 0x0000000086500000|100%| O|  |TAMS 0x0000000086500000| PB 0x0000000086400000| Untracked 
| 101|0x0000000086500000, 0x0000000086600000, 0x0000000086600000|100%| O|  |TAMS 0x0000000086600000| PB 0x0000000086500000| Untracked 
| 102|0x0000000086600000, 0x0000000086700000, 0x0000000086700000|100%| O|  |TAMS 0x0000000086700000| PB 0x0000000086600000| Untracked 
| 103|0x0000000086700000, 0x0000000086800000, 0x0000000086800000|100%|HS|  |TAMS 0x0000000086800000| PB 0x0000000086700000| Complete 
| 104|0x0000000086800000, 0x0000000086900000, 0x0000000086900000|100%|HS|  |TAMS 0x0000000086900000| PB 0x0000000086800000| Complete 
| 105|0x0000000086900000, 0x0000000086a00000, 0x0000000086a00000|100%|HS|  |TAMS 0x0000000086a00000| PB 0x0000000086900000| Complete 
| 106|0x0000000086a00000, 0x0000000086b00000, 0x0000000086b00000|100%| O|  |TAMS 0x0000000086b00000| PB 0x0000000086a00000| Untracked 
| 107|0x0000000086b00000, 0x0000000086c00000, 0x0000000086c00000|100%|HS|  |TAMS 0x0000000086c00000| PB 0x0000000086b00000| Complete 
| 108|0x0000000086c00000, 0x0000000086d00000, 0x0000000086d00000|100%|HS|  |TAMS 0x0000000086d00000| PB 0x0000000086c00000| Complete 
| 109|0x0000000086d00000, 0x0000000086e00000, 0x0000000086e00000|100%|HS|  |TAMS 0x0000000086e00000| PB 0x0000000086d00000| Complete 
| 110|0x0000000086e00000, 0x0000000086f00000, 0x0000000086f00000|100%| O|  |TAMS 0x0000000086f00000| PB 0x0000000086e00000| Untracked 
| 111|0x0000000086f00000, 0x0000000087000000, 0x0000000087000000|100%| O|  |TAMS 0x0000000087000000| PB 0x0000000086f00000| Untracked 
| 112|0x0000000087000000, 0x0000000087100000, 0x0000000087100000|100%| O|  |TAMS 0x0000000087100000| PB 0x0000000087000000| Untracked 
| 113|0x0000000087100000, 0x0000000087200000, 0x0000000087200000|100%| O|  |TAMS 0x0000000087200000| PB 0x0000000087100000| Untracked 
| 114|0x0000000087200000, 0x0000000087300000, 0x0000000087300000|100%| O|  |TAMS 0x0000000087300000| PB 0x0000000087200000| Untracked 
| 115|0x0000000087300000, 0x0000000087400000, 0x0000000087400000|100%| O|  |TAMS 0x0000000087400000| PB 0x0000000087300000| Untracked 
| 116|0x0000000087400000, 0x0000000087500000, 0x0000000087500000|100%| O|  |TAMS 0x0000000087500000| PB 0x0000000087400000| Untracked 
| 117|0x0000000087500000, 0x0000000087600000, 0x0000000087600000|100%| O|  |TAMS 0x0000000087600000| PB 0x0000000087500000| Untracked 
| 118|0x0000000087600000, 0x0000000087700000, 0x0000000087700000|100%| O|  |TAMS 0x0000000087700000| PB 0x0000000087600000| Untracked 
| 119|0x0000000087700000, 0x0000000087800000, 0x0000000087800000|100%| O|  |TAMS 0x0000000087800000| PB 0x0000000087700000| Untracked 
| 120|0x0000000087800000, 0x0000000087900000, 0x0000000087900000|100%| O|  |TAMS 0x0000000087900000| PB 0x0000000087800000| Untracked 
| 121|0x0000000087900000, 0x0000000087a00000, 0x0000000087a00000|100%| O|  |TAMS 0x0000000087a00000| PB 0x0000000087900000| Untracked 
| 122|0x0000000087a00000, 0x0000000087b00000, 0x0000000087b00000|100%| O|  |TAMS 0x0000000087b00000| PB 0x0000000087a00000| Untracked 
| 123|0x0000000087b00000, 0x0000000087c00000, 0x0000000087c00000|100%| O|  |TAMS 0x0000000087c00000| PB 0x0000000087b00000| Untracked 
| 124|0x0000000087c00000, 0x0000000087d00000, 0x0000000087d00000|100%| O|  |TAMS 0x0000000087d00000| PB 0x0000000087c00000| Untracked 
| 125|0x0000000087d00000, 0x0000000087e00000, 0x0000000087e00000|100%| O|  |TAMS 0x0000000087e00000| PB 0x0000000087d00000| Untracked 
| 126|0x0000000087e00000, 0x0000000087f00000, 0x0000000087f00000|100%| O|  |TAMS 0x0000000087f00000| PB 0x0000000087e00000| Untracked 
| 127|0x0000000087f00000, 0x0000000088000000, 0x0000000088000000|100%| O|  |TAMS 0x0000000088000000| PB 0x0000000087f00000| Untracked 
| 128|0x0000000088000000, 0x0000000088100000, 0x0000000088100000|100%| O|  |TAMS 0x0000000088000000| PB 0x0000000088000000| Untracked 
| 129|0x0000000088100000, 0x0000000088200000, 0x0000000088200000|100%| O|  |TAMS 0x0000000088100000| PB 0x0000000088100000| Untracked 
| 130|0x0000000088200000, 0x0000000088300000, 0x0000000088300000|100%| O|  |TAMS 0x0000000088200000| PB 0x0000000088200000| Untracked 
| 131|0x0000000088300000, 0x0000000088400000, 0x0000000088400000|100%| O|  |TAMS 0x0000000088300000| PB 0x0000000088300000| Untracked 
| 132|0x0000000088400000, 0x00000000884c0010, 0x0000000088500000| 75%| O|  |TAMS 0x0000000088400000| PB 0x0000000088400000| Untracked 
| 133|0x0000000088500000, 0x0000000088500000, 0x0000000088600000|  0%| F|  |TAMS 0x0000000088500000| PB 0x0000000088500000| Untracked 
| 134|0x0000000088600000, 0x0000000088600000, 0x0000000088700000|  0%| F|  |TAMS 0x0000000088600000| PB 0x0000000088600000| Untracked 
| 135|0x0000000088700000, 0x0000000088700000, 0x0000000088800000|  0%| F|  |TAMS 0x0000000088700000| PB 0x0000000088700000| Untracked 
| 136|0x0000000088800000, 0x0000000088900000, 0x0000000088900000|100%| O|  |TAMS 0x0000000088900000| PB 0x0000000088800000| Untracked 
| 137|0x0000000088900000, 0x0000000088a00000, 0x0000000088a00000|100%| O|  |TAMS 0x0000000088980000| PB 0x0000000088900000| Untracked 
| 138|0x0000000088a00000, 0x0000000088a00000, 0x0000000088b00000|  0%| F|  |TAMS 0x0000000088a00000| PB 0x0000000088a00000| Untracked 
| 139|0x0000000088b00000, 0x0000000088b00000, 0x0000000088c00000|  0%| F|  |TAMS 0x0000000088b00000| PB 0x0000000088b00000| Untracked 
| 140|0x0000000088c00000, 0x0000000088c00000, 0x0000000088d00000|  0%| F|  |TAMS 0x0000000088c00000| PB 0x0000000088c00000| Untracked 
| 141|0x0000000088d00000, 0x0000000088d00000, 0x0000000088e00000|  0%| F|  |TAMS 0x0000000088d00000| PB 0x0000000088d00000| Untracked 
| 142|0x0000000088e00000, 0x0000000088e00000, 0x0000000088f00000|  0%| F|  |TAMS 0x0000000088e00000| PB 0x0000000088e00000| Untracked 
| 143|0x0000000088f00000, 0x0000000088f00000, 0x0000000089000000|  0%| F|  |TAMS 0x0000000088f00000| PB 0x0000000088f00000| Untracked 
| 144|0x0000000089000000, 0x0000000089000000, 0x0000000089100000|  0%| F|  |TAMS 0x0000000089000000| PB 0x0000000089000000| Untracked 
| 145|0x0000000089100000, 0x0000000089100000, 0x0000000089200000|  0%| F|  |TAMS 0x0000000089100000| PB 0x0000000089100000| Untracked 
| 146|0x0000000089200000, 0x0000000089200000, 0x0000000089300000|  0%| F|  |TAMS 0x0000000089200000| PB 0x0000000089200000| Untracked 
| 147|0x0000000089300000, 0x0000000089300000, 0x0000000089400000|  0%| F|  |TAMS 0x0000000089300000| PB 0x0000000089300000| Untracked 
| 148|0x0000000089400000, 0x0000000089400000, 0x0000000089500000|  0%| F|  |TAMS 0x0000000089400000| PB 0x0000000089400000| Untracked 
| 149|0x0000000089500000, 0x0000000089500000, 0x0000000089600000|  0%| F|  |TAMS 0x0000000089500000| PB 0x0000000089500000| Untracked 
| 150|0x0000000089600000, 0x0000000089600000, 0x0000000089700000|  0%| F|  |TAMS 0x0000000089600000| PB 0x0000000089600000| Untracked 
| 151|0x0000000089700000, 0x0000000089700000, 0x0000000089800000|  0%| F|  |TAMS 0x0000000089700000| PB 0x0000000089700000| Untracked 
| 152|0x0000000089800000, 0x0000000089800000, 0x0000000089900000|  0%| F|  |TAMS 0x0000000089800000| PB 0x0000000089800000| Untracked 
| 153|0x0000000089900000, 0x0000000089900000, 0x0000000089a00000|  0%| F|  |TAMS 0x0000000089900000| PB 0x0000000089900000| Untracked 
| 154|0x0000000089a00000, 0x0000000089a00000, 0x0000000089b00000|  0%| F|  |TAMS 0x0000000089a00000| PB 0x0000000089a00000| Untracked 
| 155|0x0000000089b00000, 0x0000000089b00000, 0x0000000089c00000|  0%| F|  |TAMS 0x0000000089b00000| PB 0x0000000089b00000| Untracked 
| 156|0x0000000089c00000, 0x0000000089c00000, 0x0000000089d00000|  0%| F|  |TAMS 0x0000000089c00000| PB 0x0000000089c00000| Untracked 
| 157|0x0000000089d00000, 0x0000000089d00000, 0x0000000089e00000|  0%| F|  |TAMS 0x0000000089d00000| PB 0x0000000089d00000| Untracked 
| 158|0x0000000089e00000, 0x0000000089e00000, 0x0000000089f00000|  0%| F|  |TAMS 0x0000000089e00000| PB 0x0000000089e00000| Untracked 
| 159|0x0000000089f00000, 0x0000000089f00000, 0x000000008a000000|  0%| F|  |TAMS 0x0000000089f00000| PB 0x0000000089f00000| Untracked 
| 160|0x000000008a000000, 0x000000008a000000, 0x000000008a100000|  0%| F|  |TAMS 0x000000008a000000| PB 0x000000008a000000| Untracked 
| 161|0x000000008a100000, 0x000000008a100000, 0x000000008a200000|  0%| F|  |TAMS 0x000000008a100000| PB 0x000000008a100000| Untracked 
| 162|0x000000008a200000, 0x000000008a200000, 0x000000008a300000|  0%| F|  |TAMS 0x000000008a200000| PB 0x000000008a200000| Untracked 
| 163|0x000000008a300000, 0x000000008a300000, 0x000000008a400000|  0%| F|  |TAMS 0x000000008a300000| PB 0x000000008a300000| Untracked 
| 164|0x000000008a400000, 0x000000008a400000, 0x000000008a500000|  0%| F|  |TAMS 0x000000008a400000| PB 0x000000008a400000| Untracked 
| 165|0x000000008a500000, 0x000000008a5b4cb0, 0x000000008a600000| 70%| S|CS|TAMS 0x000000008a500000| PB 0x000000008a500000| Complete 
| 166|0x000000008a600000, 0x000000008a700000, 0x000000008a700000|100%| S|CS|TAMS 0x000000008a600000| PB 0x000000008a600000| Complete 
| 167|0x000000008a700000, 0x000000008a800000, 0x000000008a800000|100%| S|CS|TAMS 0x000000008a700000| PB 0x000000008a700000| Complete 
| 168|0x000000008a800000, 0x000000008a800000, 0x000000008a900000|  0%| F|  |TAMS 0x000000008a800000| PB 0x000000008a800000| Untracked 
| 169|0x000000008a900000, 0x000000008a900000, 0x000000008aa00000|  0%| F|  |TAMS 0x000000008a900000| PB 0x000000008a900000| Untracked 
| 170|0x000000008aa00000, 0x000000008aa00000, 0x000000008ab00000|  0%| F|  |TAMS 0x000000008aa00000| PB 0x000000008aa00000| Untracked 
| 171|0x000000008ab00000, 0x000000008ab00000, 0x000000008ac00000|  0%| F|  |TAMS 0x000000008ab00000| PB 0x000000008ab00000| Untracked 
| 172|0x000000008ac00000, 0x000000008ac00000, 0x000000008ad00000|  0%| F|  |TAMS 0x000000008ac00000| PB 0x000000008ac00000| Untracked 
| 173|0x000000008ad00000, 0x000000008ad00000, 0x000000008ae00000|  0%| F|  |TAMS 0x000000008ad00000| PB 0x000000008ad00000| Untracked 
| 174|0x000000008ae00000, 0x000000008ae00000, 0x000000008af00000|  0%| F|  |TAMS 0x000000008ae00000| PB 0x000000008ae00000| Untracked 
| 175|0x000000008af00000, 0x000000008af00000, 0x000000008b000000|  0%| F|  |TAMS 0x000000008af00000| PB 0x000000008af00000| Untracked 
| 176|0x000000008b000000, 0x000000008b000000, 0x000000008b100000|  0%| F|  |TAMS 0x000000008b000000| PB 0x000000008b000000| Untracked 
| 177|0x000000008b100000, 0x000000008b100000, 0x000000008b200000|  0%| F|  |TAMS 0x000000008b100000| PB 0x000000008b100000| Untracked 
| 178|0x000000008b200000, 0x000000008b200000, 0x000000008b300000|  0%| F|  |TAMS 0x000000008b200000| PB 0x000000008b200000| Untracked 
| 179|0x000000008b300000, 0x000000008b300000, 0x000000008b400000|  0%| F|  |TAMS 0x000000008b300000| PB 0x000000008b300000| Untracked 
| 180|0x000000008b400000, 0x000000008b400000, 0x000000008b500000|  0%| F|  |TAMS 0x000000008b400000| PB 0x000000008b400000| Untracked 
| 181|0x000000008b500000, 0x000000008b500000, 0x000000008b600000|  0%| F|  |TAMS 0x000000008b500000| PB 0x000000008b500000| Untracked 
| 182|0x000000008b600000, 0x000000008b600000, 0x000000008b700000|  0%| F|  |TAMS 0x000000008b600000| PB 0x000000008b600000| Untracked 
| 183|0x000000008b700000, 0x000000008b700000, 0x000000008b800000|  0%| F|  |TAMS 0x000000008b700000| PB 0x000000008b700000| Untracked 
| 184|0x000000008b800000, 0x000000008b800000, 0x000000008b900000|  0%| F|  |TAMS 0x000000008b800000| PB 0x000000008b800000| Untracked 
| 185|0x000000008b900000, 0x000000008b900000, 0x000000008ba00000|  0%| F|  |TAMS 0x000000008b900000| PB 0x000000008b900000| Untracked 
| 186|0x000000008ba00000, 0x000000008ba00000, 0x000000008bb00000|  0%| F|  |TAMS 0x000000008ba00000| PB 0x000000008ba00000| Untracked 
| 187|0x000000008bb00000, 0x000000008bb00000, 0x000000008bc00000|  0%| F|  |TAMS 0x000000008bb00000| PB 0x000000008bb00000| Untracked 
| 188|0x000000008bc00000, 0x000000008bc00000, 0x000000008bd00000|  0%| F|  |TAMS 0x000000008bc00000| PB 0x000000008bc00000| Untracked 
| 189|0x000000008bd00000, 0x000000008bd00000, 0x000000008be00000|  0%| F|  |TAMS 0x000000008bd00000| PB 0x000000008bd00000| Untracked 
| 190|0x000000008be00000, 0x000000008be00000, 0x000000008bf00000|  0%| F|  |TAMS 0x000000008be00000| PB 0x000000008be00000| Untracked 
| 191|0x000000008bf00000, 0x000000008bf00000, 0x000000008c000000|  0%| F|  |TAMS 0x000000008bf00000| PB 0x000000008bf00000| Untracked 
| 192|0x000000008c000000, 0x000000008c000000, 0x000000008c100000|  0%| F|  |TAMS 0x000000008c000000| PB 0x000000008c000000| Untracked 
| 193|0x000000008c100000, 0x000000008c100000, 0x000000008c200000|  0%| F|  |TAMS 0x000000008c100000| PB 0x000000008c100000| Untracked 
| 194|0x000000008c200000, 0x000000008c200000, 0x000000008c300000|  0%| F|  |TAMS 0x000000008c200000| PB 0x000000008c200000| Untracked 
| 195|0x000000008c300000, 0x000000008c300000, 0x000000008c400000|  0%| F|  |TAMS 0x000000008c300000| PB 0x000000008c300000| Untracked 
| 196|0x000000008c400000, 0x000000008c400000, 0x000000008c500000|  0%| F|  |TAMS 0x000000008c400000| PB 0x000000008c400000| Untracked 
| 197|0x000000008c500000, 0x000000008c500000, 0x000000008c600000|  0%| F|  |TAMS 0x000000008c500000| PB 0x000000008c500000| Untracked 
| 198|0x000000008c600000, 0x000000008c600000, 0x000000008c700000|  0%| F|  |TAMS 0x000000008c600000| PB 0x000000008c600000| Untracked 
| 199|0x000000008c700000, 0x000000008c700000, 0x000000008c800000|  0%| F|  |TAMS 0x000000008c700000| PB 0x000000008c700000| Untracked 
| 200|0x000000008c800000, 0x000000008c800000, 0x000000008c900000|  0%| F|  |TAMS 0x000000008c800000| PB 0x000000008c800000| Untracked 
|2002|0x00000000fd200000, 0x00000000fd300000, 0x00000000fd300000|100%| O|  |TAMS 0x00000000fd300000| PB 0x00000000fd200000| Untracked 
|2003|0x00000000fd300000, 0x00000000fd400000, 0x00000000fd400000|100%| O|  |TAMS 0x00000000fd400000| PB 0x00000000fd300000| Untracked 
|2004|0x00000000fd400000, 0x00000000fd500000, 0x00000000fd500000|100%| O|  |TAMS 0x00000000fd500000| PB 0x00000000fd400000| Untracked 
|2005|0x00000000fd500000, 0x00000000fd600000, 0x00000000fd600000|100%| O|  |TAMS 0x00000000fd600000| PB 0x00000000fd500000| Untracked 
|2006|0x00000000fd600000, 0x00000000fd700000, 0x00000000fd700000|100%| O|  |TAMS 0x00000000fd700000| PB 0x00000000fd600000| Untracked 
|2007|0x00000000fd700000, 0x00000000fd800000, 0x00000000fd800000|100%| O|  |TAMS 0x00000000fd800000| PB 0x00000000fd700000| Untracked 
|2008|0x00000000fd800000, 0x00000000fd900000, 0x00000000fd900000|100%| O|  |TAMS 0x00000000fd900000| PB 0x00000000fd800000| Untracked 
|2009|0x00000000fd900000, 0x00000000fda00000, 0x00000000fda00000|100%| O|  |TAMS 0x00000000fda00000| PB 0x00000000fd900000| Untracked 
|2010|0x00000000fda00000, 0x00000000fdb00000, 0x00000000fdb00000|100%| O|  |TAMS 0x00000000fdb00000| PB 0x00000000fda00000| Untracked 
|2011|0x00000000fdb00000, 0x00000000fdc00000, 0x00000000fdc00000|100%| O|  |TAMS 0x00000000fdc00000| PB 0x00000000fdb00000| Untracked 
|2012|0x00000000fdc00000, 0x00000000fdd00000, 0x00000000fdd00000|100%| O|  |TAMS 0x00000000fdd00000| PB 0x00000000fdc00000| Untracked 
|2013|0x00000000fdd00000, 0x00000000fde00000, 0x00000000fde00000|100%| O|  |TAMS 0x00000000fde00000| PB 0x00000000fdd00000| Untracked 
|2014|0x00000000fde00000, 0x00000000fdf00000, 0x00000000fdf00000|100%| O|  |TAMS 0x00000000fdf00000| PB 0x00000000fde00000| Untracked 
|2015|0x00000000fdf00000, 0x00000000fe000000, 0x00000000fe000000|100%| O|  |TAMS 0x00000000fe000000| PB 0x00000000fdf00000| Untracked 
|2016|0x00000000fe000000, 0x00000000fe100000, 0x00000000fe100000|100%| O|  |TAMS 0x00000000fe100000| PB 0x00000000fe000000| Untracked 
|2017|0x00000000fe100000, 0x00000000fe200000, 0x00000000fe200000|100%| O|  |TAMS 0x00000000fe200000| PB 0x00000000fe100000| Untracked 
|2018|0x00000000fe200000, 0x00000000fe300000, 0x00000000fe300000|100%| O|  |TAMS 0x00000000fe300000| PB 0x00000000fe200000| Untracked 
|2019|0x00000000fe300000, 0x00000000fe400000, 0x00000000fe400000|100%| O|  |TAMS 0x00000000fe400000| PB 0x00000000fe300000| Untracked 
|2020|0x00000000fe400000, 0x00000000fe500000, 0x00000000fe500000|100%| O|  |TAMS 0x00000000fe500000| PB 0x00000000fe400000| Untracked 
|2021|0x00000000fe500000, 0x00000000fe600000, 0x00000000fe600000|100%| O|  |TAMS 0x00000000fe600000| PB 0x00000000fe500000| Untracked 
|2022|0x00000000fe600000, 0x00000000fe700000, 0x00000000fe700000|100%| O|  |TAMS 0x00000000fe700000| PB 0x00000000fe600000| Untracked 
|2023|0x00000000fe700000, 0x00000000fe800000, 0x00000000fe800000|100%| O|  |TAMS 0x00000000fe800000| PB 0x00000000fe700000| Untracked 
|2024|0x00000000fe800000, 0x00000000fe900000, 0x00000000fe900000|100%| O|  |TAMS 0x00000000fe900000| PB 0x00000000fe800000| Untracked 
|2025|0x00000000fe900000, 0x00000000fea00000, 0x00000000fea00000|100%| O|  |TAMS 0x00000000fea00000| PB 0x00000000fe900000| Untracked 
|2026|0x00000000fea00000, 0x00000000feb00000, 0x00000000feb00000|100%| O|  |TAMS 0x00000000feb00000| PB 0x00000000fea00000| Untracked 
|2027|0x00000000feb00000, 0x00000000fec00000, 0x00000000fec00000|100%| O|  |TAMS 0x00000000fec00000| PB 0x00000000feb00000| Untracked 
|2028|0x00000000fec00000, 0x00000000fed00000, 0x00000000fed00000|100%| O|  |TAMS 0x00000000fed00000| PB 0x00000000fec00000| Untracked 
|2029|0x00000000fed00000, 0x00000000fee00000, 0x00000000fee00000|100%| O|  |TAMS 0x00000000fee00000| PB 0x00000000fed00000| Untracked 
|2030|0x00000000fee00000, 0x00000000fef00000, 0x00000000fef00000|100%| O|  |TAMS 0x00000000fef00000| PB 0x00000000fee00000| Untracked 
|2031|0x00000000fef00000, 0x00000000ff000000, 0x00000000ff000000|100%| O|  |TAMS 0x00000000ff000000| PB 0x00000000fef00000| Untracked 
|2032|0x00000000ff000000, 0x00000000ff100000, 0x00000000ff100000|100%| O|  |TAMS 0x00000000ff100000| PB 0x00000000ff000000| Untracked 
|2033|0x00000000ff100000, 0x00000000ff200000, 0x00000000ff200000|100%| O|  |TAMS 0x00000000ff200000| PB 0x00000000ff100000| Untracked 
|2034|0x00000000ff200000, 0x00000000ff300000, 0x00000000ff300000|100%| O|  |TAMS 0x00000000ff300000| PB 0x00000000ff200000| Untracked 
|2035|0x00000000ff300000, 0x00000000ff400000, 0x00000000ff400000|100%| O|  |TAMS 0x00000000ff400000| PB 0x00000000ff300000| Untracked 
|2036|0x00000000ff400000, 0x00000000ff500000, 0x00000000ff500000|100%| O|  |TAMS 0x00000000ff500000| PB 0x00000000ff400000| Untracked 
|2037|0x00000000ff500000, 0x00000000ff600000, 0x00000000ff600000|100%| O|  |TAMS 0x00000000ff600000| PB 0x00000000ff500000| Untracked 
|2038|0x00000000ff600000, 0x00000000ff700000, 0x00000000ff700000|100%| O|  |TAMS 0x00000000ff700000| PB 0x00000000ff600000| Untracked 
|2039|0x00000000ff700000, 0x00000000ff800000, 0x00000000ff800000|100%| O|  |TAMS 0x00000000ff800000| PB 0x00000000ff700000| Untracked 
|2040|0x00000000ff800000, 0x00000000ff800000, 0x00000000ff900000|  0%| F|  |TAMS 0x00000000ff800000| PB 0x00000000ff800000| Untracked 
|2041|0x00000000ff900000, 0x00000000ffa00000, 0x00000000ffa00000|100%| O|  |TAMS 0x00000000ffa00000| PB 0x00000000ff900000| Untracked 
|2042|0x00000000ffa00000, 0x00000000ffa00000, 0x00000000ffb00000|  0%| F|  |TAMS 0x00000000ffa00000| PB 0x00000000ffa00000| Untracked 
|2043|0x00000000ffb00000, 0x00000000ffb00000, 0x00000000ffc00000|  0%| F|  |TAMS 0x00000000ffb00000| PB 0x00000000ffb00000| Untracked 
|2044|0x00000000ffc00000, 0x00000000ffd00000, 0x00000000ffd00000|100%| O|  |TAMS 0x00000000ffd00000| PB 0x00000000ffc00000| Untracked 
|2045|0x00000000ffd00000, 0x00000000ffe00000, 0x00000000ffe00000|100%| O|  |TAMS 0x00000000ffe00000| PB 0x00000000ffd00000| Untracked 
|2046|0x00000000ffe00000, 0x00000000ffe00000, 0x00000000fff00000|  0%| F|  |TAMS 0x00000000ffe00000| PB 0x00000000ffe00000| Untracked 
|2047|0x00000000fff00000, 0x0000000100000000, 0x0000000100000000|100%| O|  |TAMS 0x0000000100000000| PB 0x00000000fff00000| Untracked 

Card table byte_map: [0x00000175d10c0000,0x00000175d14c0000] _byte_map_base: 0x00000175d0cc0000

Marking Bits: (CMBitMap*) 0x00000175bebc45d0
 Bits: [0x00000175d14c0000, 0x00000175d34c0000)

Polling page: 0x00000175bca00000

Metaspace:

Usage:
  Non-class:     55.96 MB used.
      Class:      8.87 MB used.
       Both:     64.82 MB used.

Virtual space:
  Non-class space:       64.00 MB reserved,      56.75 MB ( 89%) committed,  1 nodes.
      Class space:      416.00 MB reserved,       9.56 MB (  2%) committed,  1 nodes.
             Both:      480.00 MB reserved,      66.31 MB ( 14%) committed. 

Chunk freelists:
   Non-Class:  7.27 MB
       Class:  6.41 MB
        Both:  13.67 MB

MaxMetaspaceSize: 512.00 MB
CompressedClassSpaceSize: 416.00 MB
Initial GC threshold: 21.00 MB
Current GC threshold: 110.12 MB
CDS: off
 - commit_granule_bytes: 65536.
 - commit_granule_words: 8192.
 - virtual_space_node_default_size: 8388608.
 - enlarge_chunks_in_place: 1.
 - use_allocation_guard: 0.


Internal statistics:

num_allocs_failed_limit: 6.
num_arena_births: 2840.
num_arena_deaths: 8.
num_vsnodes_births: 2.
num_vsnodes_deaths: 0.
num_space_committed: 1061.
num_space_uncommitted: 0.
num_chunks_returned_to_freelist: 19.
num_chunks_taken_from_freelist: 5485.
num_chunk_merges: 6.
num_chunk_splits: 3552.
num_chunks_enlarged: 2200.
num_inconsistent_stats: 0.

CodeHeap 'non-profiled nmethods': size=120000Kb used=6227Kb max_used=6227Kb free=113772Kb
 bounds [0x00000175c9790000, 0x00000175c9dc0000, 0x00000175d0cc0000]
CodeHeap 'profiled nmethods': size=120000Kb used=12518Kb max_used=12518Kb free=107481Kb
 bounds [0x00000175c1cc0000, 0x00000175c2900000, 0x00000175c91f0000]
CodeHeap 'non-nmethods': size=5760Kb used=2967Kb max_used=3048Kb free=2792Kb
 bounds [0x00000175c91f0000, 0x00000175c9500000, 0x00000175c9790000]
 total_blobs=8164 nmethods=7285 adapters=783
 compilation: enabled
              stopped_count=0, restarted_count=0
 full_count=0

Compilation events (20 events):
Event: 142.330 Thread 0x00000175d5ba61b0 nmethod 9490 0x00000175c28f5290 code [0x00000175c28f5440, 0x00000175c28f55f0]
Event: 142.330 Thread 0x00000175d5ba61b0 9491       3       org.gradle.internal.vfs.impl.DefaultSnapshotHierarchy::invalidate (64 bytes)
Event: 142.335 Thread 0x00000175d5ba61b0 nmethod 9491 0x00000175c28f5710 code [0x00000175c28f5b80, 0x00000175c28f7ca8]
Event: 142.335 Thread 0x00000175d5ba61b0 9492       3       org.gradle.internal.snapshot.SingletonChildMap$1::withReplacedChild (16 bytes)
Event: 142.335 Thread 0x00000175d5ba61b0 nmethod 9492 0x00000175c28f8790 code [0x00000175c28f8960, 0x00000175c28f8be0]
Event: 142.335 Thread 0x00000175d5ba61b0 9493       3       org.gradle.internal.snapshot.SingletonChildMap$1::withReplacedChild (10 bytes)
Event: 142.336 Thread 0x00000175d5ba61b0 nmethod 9493 0x00000175c28f8d90 code [0x00000175c28f8f40, 0x00000175c28f9100]
Event: 142.336 Thread 0x00000175d5ba61b0 9494       3       org.gradle.internal.vfs.impl.DefaultSnapshotHierarchy$$Lambda/0x00000001005e0780::<init> (10 bytes)
Event: 142.336 Thread 0x00000175d5ba61b0 nmethod 9494 0x00000175c28f9210 code [0x00000175c28f93c0, 0x00000175c28f9578]
Event: 142.558 Thread 0x00000175d5ba61b0 9495       3       org.gradle.internal.time.MonotonicClock::advance (33 bytes)
Event: 142.559 Thread 0x00000175d5ba61b0 nmethod 9495 0x00000175c28f9610 code [0x00000175c28f97e0, 0x00000175c28f9a78]
Event: 142.575 Thread 0x00000175d5baeff0 9496       4       org.objectweb.asm.ClassReader::accept (1419 bytes)
Event: 142.682 Thread 0x00000175d5ba61b0 9497       1       org.gradle.api.internal.artifacts.transform.AbstractTransformExecution::getInputFingerprinter (5 bytes)
Event: 142.682 Thread 0x00000175d5ba61b0 nmethod 9497 0x00000175c9bbfb10 code [0x00000175c9bbfca0, 0x00000175c9bbfd68]
Event: 142.682 Thread 0x00000175d5ba61b0 9498       1       org.gradle.api.internal.artifacts.transform.DefaultTransform::getInputArtifactDependenciesNormalizer (5 bytes)
Event: 142.683 Thread 0x00000175d5ba61b0 nmethod 9498 0x00000175c9bbf810 code [0x00000175c9bbf9a0, 0x00000175c9bbfa68]
Event: 142.683 Thread 0x00000175d5ba61b0 9499       1       org.gradle.api.internal.artifacts.transform.DefaultTransform::getInputArtifactDependenciesDirectorySensitivity (5 bytes)
Event: 142.683 Thread 0x00000175d5ba61b0 nmethod 9499 0x00000175c9bbf510 code [0x00000175c9bbf6a0, 0x00000175c9bbf768]
Event: 142.683 Thread 0x00000175d5ba61b0 9500       1       org.gradle.api.internal.artifacts.transform.DefaultTransform::getInputArtifactDependenciesLineEndingNormalization (5 bytes)
Event: 142.683 Thread 0x00000175d5ba61b0 nmethod 9500 0x00000175c9bbf210 code [0x00000175c9bbf3a0, 0x00000175c9bbf468]

GC Heap History (20 events):
Event: 129.546 GC heap after
{Heap after GC invocations=51 (full 0):
 garbage-first heap   total 176128K, used 99772K [0x0000000080000000, 0x0000000100000000)
  region size 1024K, 3 young (3072K), 3 survivors (3072K)
 Metaspace       used 65560K, committed 67008K, reserved 491520K
  class space    used 9037K, committed 9728K, reserved 425984K
}
Event: 129.855 GC heap before
{Heap before GC invocations=51 (full 0):
 garbage-first heap   total 176128K, used 162236K [0x0000000080000000, 0x0000000100000000)
  region size 1024K, 64 young (65536K), 3 survivors (3072K)
 Metaspace       used 65560K, committed 67008K, reserved 491520K
  class space    used 9037K, committed 9728K, reserved 425984K
}
Event: 129.863 GC heap after
{Heap after GC invocations=52 (full 0):
 garbage-first heap   total 211968K, used 100906K [0x0000000080000000, 0x0000000100000000)
  region size 1024K, 5 young (5120K), 5 survivors (5120K)
 Metaspace       used 65560K, committed 67008K, reserved 491520K
  class space    used 9037K, committed 9728K, reserved 425984K
}
Event: 133.099 GC heap before
{Heap before GC invocations=53 (full 0):
 garbage-first heap   total 211968K, used 196138K [0x0000000080000000, 0x0000000100000000)
  region size 1024K, 96 young (98304K), 5 survivors (5120K)
 Metaspace       used 65916K, committed 67456K, reserved 491520K
  class space    used 9059K, committed 9792K, reserved 425984K
}
Event: 133.113 GC heap after
{Heap after GC invocations=54 (full 0):
 garbage-first heap   total 211968K, used 100078K [0x0000000080000000, 0x0000000100000000)
  region size 1024K, 4 young (4096K), 4 survivors (4096K)
 Metaspace       used 65916K, committed 67456K, reserved 491520K
  class space    used 9059K, committed 9792K, reserved 425984K
}
Event: 134.722 GC heap before
{Heap before GC invocations=54 (full 0):
 garbage-first heap   total 211968K, used 195310K [0x0000000080000000, 0x0000000100000000)
  region size 1024K, 97 young (99328K), 4 survivors (4096K)
 Metaspace       used 66126K, committed 67648K, reserved 491520K
  class space    used 9088K, committed 9792K, reserved 425984K
}
Event: 134.740 GC heap after
{Heap after GC invocations=55 (full 0):
 garbage-first heap   total 211968K, used 101136K [0x0000000080000000, 0x0000000100000000)
  region size 1024K, 7 young (7168K), 7 survivors (7168K)
 Metaspace       used 66126K, committed 67648K, reserved 491520K
  class space    used 9088K, committed 9792K, reserved 425984K
}
Event: 135.741 GC heap before
{Heap before GC invocations=55 (full 0):
 garbage-first heap   total 211968K, used 192272K [0x0000000080000000, 0x0000000100000000)
  region size 1024K, 96 young (98304K), 7 survivors (7168K)
 Metaspace       used 66136K, committed 67648K, reserved 491520K
  class space    used 9088K, committed 9792K, reserved 425984K
}
Event: 135.768 GC heap after
{Heap after GC invocations=56 (full 0):
 garbage-first heap   total 211968K, used 106464K [0x0000000080000000, 0x0000000100000000)
  region size 1024K, 12 young (12288K), 12 survivors (12288K)
 Metaspace       used 66136K, committed 67648K, reserved 491520K
  class space    used 9088K, committed 9792K, reserved 425984K
}
Event: 136.312 GC heap before
{Heap before GC invocations=57 (full 0):
 garbage-first heap   total 211968K, used 187360K [0x0000000080000000, 0x0000000100000000)
  region size 1024K, 91 young (93184K), 12 survivors (12288K)
 Metaspace       used 66139K, committed 67648K, reserved 491520K
  class space    used 9088K, committed 9792K, reserved 425984K
}
Event: 136.343 GC heap after
{Heap after GC invocations=58 (full 0):
 garbage-first heap   total 211968K, used 109812K [0x0000000080000000, 0x0000000100000000)
  region size 1024K, 9 young (9216K), 9 survivors (9216K)
 Metaspace       used 66139K, committed 67648K, reserved 491520K
  class space    used 9088K, committed 9792K, reserved 425984K
}
Event: 136.800 GC heap before
{Heap before GC invocations=58 (full 0):
 garbage-first heap   total 211968K, used 190708K [0x0000000080000000, 0x0000000100000000)
  region size 1024K, 88 young (90112K), 9 survivors (9216K)
 Metaspace       used 66139K, committed 67648K, reserved 491520K
  class space    used 9088K, committed 9792K, reserved 425984K
}
Event: 136.823 GC heap after
{Heap after GC invocations=59 (full 0):
 garbage-first heap   total 211968K, used 112437K [0x0000000080000000, 0x0000000100000000)
  region size 1024K, 8 young (8192K), 8 survivors (8192K)
 Metaspace       used 66139K, committed 67648K, reserved 491520K
  class space    used 9088K, committed 9792K, reserved 425984K
}
Event: 137.382 GC heap before
{Heap before GC invocations=59 (full 0):
 garbage-first heap   total 211968K, used 191285K [0x0000000080000000, 0x0000000100000000)
  region size 1024K, 86 young (88064K), 8 survivors (8192K)
 Metaspace       used 66139K, committed 67648K, reserved 491520K
  class space    used 9088K, committed 9792K, reserved 425984K
}
Event: 137.405 GC heap after
{Heap after GC invocations=60 (full 0):
 garbage-first heap   total 211968K, used 120287K [0x0000000080000000, 0x0000000100000000)
  region size 1024K, 11 young (11264K), 11 survivors (11264K)
 Metaspace       used 66139K, committed 67648K, reserved 491520K
  class space    used 9088K, committed 9792K, reserved 425984K
}
Event: 138.466 GC heap before
{Heap before GC invocations=61 (full 0):
 garbage-first heap   total 211968K, used 195039K [0x0000000080000000, 0x0000000100000000)
  region size 1024K, 78 young (79872K), 11 survivors (11264K)
 Metaspace       used 66173K, committed 67648K, reserved 491520K
  class space    used 9082K, committed 9792K, reserved 425984K
}
Event: 138.592 GC heap after
{Heap after GC invocations=62 (full 0):
 garbage-first heap   total 252928K, used 172544K [0x0000000080000000, 0x0000000100000000)
  region size 1024K, 10 young (10240K), 10 survivors (10240K)
 Metaspace       used 66173K, committed 67648K, reserved 491520K
  class space    used 9082K, committed 9792K, reserved 425984K
}
Event: 139.877 GC heap before
{Heap before GC invocations=62 (full 0):
 garbage-first heap   total 252928K, used 212480K [0x0000000080000000, 0x0000000100000000)
  region size 1024K, 50 young (51200K), 10 survivors (10240K)
 Metaspace       used 66309K, committed 67776K, reserved 491520K
  class space    used 9082K, committed 9792K, reserved 425984K
}
Event: 139.927 GC heap after
{Heap after GC invocations=63 (full 0):
 garbage-first heap   total 252928K, used 180736K [0x0000000080000000, 0x0000000100000000)
  region size 1024K, 7 young (7168K), 7 survivors (7168K)
 Metaspace       used 66309K, committed 67776K, reserved 491520K
  class space    used 9082K, committed 9792K, reserved 425984K
}
Event: 142.690 GC heap before
{Heap before GC invocations=63 (full 0):
 garbage-first heap   total 252928K, used 218624K [0x0000000080000000, 0x0000000100000000)
  region size 1024K, 44 young (45056K), 7 survivors (7168K)
 Metaspace       used 66380K, committed 67904K, reserved 491520K
  class space    used 9082K, committed 9792K, reserved 425984K
}

Dll operation events (3 events):
Event: 0.186 Loaded shared library C:\Users\HP\Desktop\CROSS PLATFORM\jbr\bin\java.dll
Event: 0.208 Loaded shared library C:\Users\HP\Desktop\CROSS PLATFORM\jbr\bin\zip.dll
Event: 1.604 Loaded shared library C:\Users\HP\Desktop\CROSS PLATFORM\jbr\bin\verify.dll

Deoptimization events (20 events):
Event: 138.707 Thread 0x00000175d5df4bc0 DEOPT PACKING pc=0x00000175c2231753 sp=0x000000017bdf3b10
Event: 138.707 Thread 0x00000175d5df4bc0 DEOPT UNPACKING pc=0x00000175c92488e2 sp=0x000000017bdf2fd8 mode 0
Event: 138.723 Thread 0x00000175d5df4bc0 DEOPT PACKING pc=0x00000175c24c0e4f sp=0x000000017bdf3c90
Event: 138.723 Thread 0x00000175d5df4bc0 DEOPT UNPACKING pc=0x00000175c92488e2 sp=0x000000017bdf3178 mode 0
Event: 139.178 Thread 0x00000175ddae2aa0 Uncommon trap: trap_request=0xffffff45 fr.pc=0x00000175c9cce548 relative=0x0000000000000468
Event: 139.178 Thread 0x00000175ddae2aa0 Uncommon trap: reason=unstable_if action=reinterpret pc=0x00000175c9cce548 method=org.apache.commons.compress.archivers.zip.ZipArchiveOutputStream.putArchiveEntry(Lorg/apache/commons/compress/archivers/zip/ZipArchiveEntry;Z)V @ 266 c2
Event: 139.178 Thread 0x00000175ddae2aa0 DEOPT PACKING pc=0x00000175c9cce548 sp=0x000000017d6fa8f0
Event: 139.178 Thread 0x00000175ddae2aa0 DEOPT UNPACKING pc=0x00000175c9247da2 sp=0x000000017d6fa830 mode 2
Event: 139.328 Thread 0x00000175ddae2aa0 Uncommon trap: trap_request=0xffffff45 fr.pc=0x00000175c97b59d4 relative=0x0000000000000114
Event: 139.328 Thread 0x00000175ddae2aa0 Uncommon trap: reason=unstable_if action=reinterpret pc=0x00000175c97b59d4 method=org.gradle.internal.classpath.generated.InterceptorDeclaration_PropertyUpgradesJvmBytecode_LanguageJvm.visitMethodInsn(Lorg/gradle/model/internal/asm/MethodVisitorScope;Ljav
Event: 139.328 Thread 0x00000175ddae2aa0 DEOPT PACKING pc=0x00000175c97b59d4 sp=0x000000017d6fa4d0
Event: 139.328 Thread 0x00000175ddae2aa0 DEOPT UNPACKING pc=0x00000175c9247da2 sp=0x000000017d6fa438 mode 2
Event: 139.602 Thread 0x00000175ddae2aa0 DEOPT PACKING pc=0x00000175c1cff67e sp=0x000000017d6fa940
Event: 139.602 Thread 0x00000175ddae2aa0 DEOPT UNPACKING pc=0x00000175c92488e2 sp=0x000000017d6f9f90 mode 0
Event: 139.869 Thread 0x00000175ddade270 DEOPT PACKING pc=0x00000175c2163e21 sp=0x000000017d5fb110
Event: 139.869 Thread 0x00000175ddade270 DEOPT UNPACKING pc=0x00000175c92488e2 sp=0x000000017d5fa610 mode 0
Event: 139.967 Thread 0x00000175dafe2110 DEOPT PACKING pc=0x00000175c2819cdb sp=0x000000017c3fe260
Event: 139.967 Thread 0x00000175dafe2110 DEOPT UNPACKING pc=0x00000175c92488e2 sp=0x000000017c3fd7e8 mode 0
Event: 142.575 Thread 0x00000175ddade270 DEOPT PACKING pc=0x00000175c1cff67e sp=0x000000017d5fa9e0
Event: 142.576 Thread 0x00000175ddade270 DEOPT UNPACKING pc=0x00000175c92488e2 sp=0x000000017d5fa030 mode 0

Classes loaded (20 events):
Event: 97.518 Loading class java/nio/StringCharBuffer
Event: 97.521 Loading class java/nio/StringCharBuffer done
Event: 97.661 Loading class java/security/Key
Event: 97.663 Loading class java/security/Key done
Event: 109.076 Loading class java/lang/foreign/MemorySegment
Event: 109.124 Loading class java/lang/foreign/MemorySegment done
Event: 127.531 Loading class java/util/stream/SortedOps$OfRef
Event: 127.546 Loading class java/util/stream/SortedOps$OfRef done
Event: 127.552 Loading class java/util/stream/SortedOps$SizedRefSortingSink
Event: 127.558 Loading class java/util/stream/SortedOps$AbstractRefSortingSink
Event: 127.563 Loading class java/util/stream/SortedOps$AbstractRefSortingSink done
Event: 127.563 Loading class java/util/stream/SortedOps$SizedRefSortingSink done
Event: 127.691 Loading class java/util/HashMap$EntrySpliterator
Event: 127.706 Loading class java/util/HashMap$EntrySpliterator done
Event: 127.718 Loading class java/util/stream/SortedOps$RefSortingSink
Event: 127.723 Loading class java/util/stream/SortedOps$RefSortingSink done
Event: 131.782 Loading class java/lang/ThreadDeath
Event: 131.784 Loading class java/lang/ThreadDeath done
Event: 131.785 Loading class sun/misc/SharedSecrets
Event: 131.785 Loading class sun/misc/SharedSecrets done

Classes unloaded (11 events):
Event: 90.966 Thread 0x00000175d59b0fe0 Unloading class 0x0000000100714000 '_BuildScript_$_run_closure1'
Event: 90.966 Thread 0x00000175d59b0fe0 Unloading class 0x000000010070c000 '_BuildScript_'
Event: 92.813 Thread 0x00000175d59b0fe0 Unloading class 0x00000001007cc968 '_BuildScript_$_run_closure1$_closure2'
Event: 92.813 Thread 0x00000175d59b0fe0 Unloading class 0x00000001007cc558 '_BuildScript_$_run_closure1'
Event: 92.813 Thread 0x00000175d59b0fe0 Unloading class 0x00000001007cc000 '_BuildScript_'
Event: 137.590 Thread 0x00000175d59b0fe0 Unloading class 0x0000000100998968 '_BuildScript_$_run_closure1$_closure2'
Event: 137.590 Thread 0x00000175d59b0fe0 Unloading class 0x0000000100998558 '_BuildScript_$_run_closure1'
Event: 137.590 Thread 0x00000175d59b0fe0 Unloading class 0x0000000100998000 '_BuildScript_'
Event: 137.591 Thread 0x00000175d59b0fe0 Unloading class 0x0000000100990968 '_BuildScript_$_run_closure2'
Event: 137.591 Thread 0x00000175d59b0fe0 Unloading class 0x0000000100990558 '_BuildScript_$_run_closure1'
Event: 137.591 Thread 0x00000175d59b0fe0 Unloading class 0x0000000100990000 '_BuildScript_'

Classes redefined (0 events):
No events

Internal exceptions (20 events):
Event: 133.785 Thread 0x00000175d5df4bc0 Exception <a 'sun/nio/fs/WindowsException'{0x0000000089562218}> (0x0000000089562218) 
thrown [s\src\hotspot\share\prims\jni.cpp, line 537]
Event: 133.791 Thread 0x00000175d5df4bc0 Exception <a 'sun/nio/fs/WindowsException'{0x000000008956c7b0}> (0x000000008956c7b0) 
thrown [s\src\hotspot\share\prims\jni.cpp, line 537]
Event: 133.930 Thread 0x00000175dafe4870 Exception <a 'sun/nio/fs/WindowsException'{0x0000000089417e80}> (0x0000000089417e80) 
thrown [s\src\hotspot\share\prims\jni.cpp, line 537]
Event: 133.931 Thread 0x00000175dafe4870 Exception <a 'sun/nio/fs/WindowsException'{0x0000000089418538}> (0x0000000089418538) 
thrown [s\src\hotspot\share\prims\jni.cpp, line 537]
Event: 133.933 Thread 0x00000175dafe4870 Exception <a 'sun/nio/fs/WindowsException'{0x000000008942b8d8}> (0x000000008942b8d8) 
thrown [s\src\hotspot\share\prims\jni.cpp, line 537]
Event: 133.935 Thread 0x00000175dafe4870 Exception <a 'sun/nio/fs/WindowsException'{0x000000008943aa18}> (0x000000008943aa18) 
thrown [s\src\hotspot\share\prims\jni.cpp, line 537]
Event: 133.941 Thread 0x00000175dafe4870 Exception <a 'sun/nio/fs/WindowsException'{0x0000000089446180}> (0x0000000089446180) 
thrown [s\src\hotspot\share\prims\jni.cpp, line 537]
Event: 133.991 Thread 0x00000175d5df4bc0 Exception <a 'java/lang/ClassNotFoundException'{0x0000000089453be0}: ijInit1_583rg5s0srppob1w8gtbg54mnBeanInfo> (0x0000000089453be0) 
thrown [s\src\hotspot\share\classfile\systemDictionary.cpp, line 312]
Event: 133.991 Thread 0x00000175d5df4bc0 Exception <a 'java/lang/ClassNotFoundException'{0x000000008945aef8}: ijInit1_583rg5s0srppob1w8gtbg54mnCustomizer> (0x000000008945aef8) 
thrown [s\src\hotspot\share\classfile\systemDictionary.cpp, line 312]
Event: 134.101 Thread 0x00000175d5df4bc0 Exception <a 'java/lang/ClassNotFoundException'{0x00000000894a88c0}: ijInit1_583rg5s0srppob1w8gtbg54mn$_run_closure1BeanInfo> (0x00000000894a88c0) 
thrown [s\src\hotspot\share\classfile\systemDictionary.cpp, line 312]
Event: 134.101 Thread 0x00000175d5df4bc0 Exception <a 'java/lang/ClassNotFoundException'{0x00000000894b09e8}: ijInit1_583rg5s0srppob1w8gtbg54mn$_run_closure1Customizer> (0x00000000894b09e8) 
thrown [s\src\hotspot\share\classfile\systemDictionary.cpp, line 312]
Event: 139.172 Thread 0x00000175ddae2aa0 Exception <a 'sun/nio/fs/WindowsException'{0x000000008bfac7e8}> (0x000000008bfac7e8) 
thrown [s\src\hotspot\share\prims\jni.cpp, line 537]
Event: 139.182 Thread 0x00000175ddae16f0 Exception <a 'sun/nio/fs/WindowsException'{0x000000008c06de70}> (0x000000008c06de70) 
thrown [s\src\hotspot\share\prims\jni.cpp, line 537]
Event: 139.211 Thread 0x00000175ddade270 Exception <a 'sun/nio/fs/WindowsException'{0x000000008c096bc8}> (0x000000008c096bc8) 
thrown [s\src\hotspot\share\prims\jni.cpp, line 537]
Event: 139.213 Thread 0x00000175d5df4bc0 Exception <a 'sun/nio/fs/WindowsException'{0x000000008bf0a0d8}> (0x000000008bf0a0d8) 
thrown [s\src\hotspot\share\prims\jni.cpp, line 537]
Event: 139.492 Thread 0x00000175ddade270 Exception <a 'sun/nio/fs/WindowsException'{0x000000008afe1588}> (0x000000008afe1588) 
thrown [s\src\hotspot\share\prims\jni.cpp, line 537]
Event: 139.834 Thread 0x00000175ddae16f0 Exception <a 'sun/nio/fs/WindowsException'{0x000000008adaac38}> (0x000000008adaac38) 
thrown [s\src\hotspot\share\prims\jni.cpp, line 537]
Event: 139.843 Thread 0x00000175d5df4bc0 Exception <a 'sun/nio/fs/WindowsException'{0x000000008aeb4cc8}> (0x000000008aeb4cc8) 
thrown [s\src\hotspot\share\prims\jni.cpp, line 537]
Event: 140.628 Thread 0x00000175ddae2aa0 Exception <a 'sun/nio/fs/WindowsException'{0x000000008c7b23d0}> (0x000000008c7b23d0) 
thrown [s\src\hotspot\share\prims\jni.cpp, line 537]
Event: 141.142 Thread 0x00000175ddade270 Exception <a 'sun/nio/fs/WindowsException'{0x000000008ba06ab8}> (0x000000008ba06ab8) 
thrown [s\src\hotspot\share\prims\jni.cpp, line 537]

ZGC Phase Switch (0 events):
No events

VM Operations (20 events):
Event: 136.343 Executing VM operation: G1CollectForAllocation (G1 Evacuation Pause) done
Event: 136.800 Executing VM operation: G1CollectForAllocation (G1 Evacuation Pause)
Event: 136.823 Executing VM operation: G1CollectForAllocation (G1 Evacuation Pause) done
Event: 137.382 Executing VM operation: G1CollectForAllocation (G1 Evacuation Pause)
Event: 137.405 Executing VM operation: G1CollectForAllocation (G1 Evacuation Pause) done
Event: 137.590 Executing VM operation: G1PauseRemark
Event: 137.684 Executing VM operation: G1PauseRemark done
Event: 137.825 Executing VM operation: G1PauseCleanup
Event: 137.826 Executing VM operation: G1PauseCleanup done
Event: 138.466 Executing VM operation: G1CollectForAllocation (G1 Evacuation Pause)
Event: 138.592 Executing VM operation: G1CollectForAllocation (G1 Evacuation Pause) done
Event: 139.593 Executing VM operation: Cleanup
Event: 139.593 Executing VM operation: Cleanup done
Event: 139.877 Executing VM operation: G1CollectForAllocation (G1 Evacuation Pause)
Event: 139.927 Executing VM operation: G1CollectForAllocation (G1 Evacuation Pause) done
Event: 140.932 Executing VM operation: Cleanup
Event: 140.932 Executing VM operation: Cleanup done
Event: 141.947 Executing VM operation: Cleanup
Event: 141.947 Executing VM operation: Cleanup done
Event: 142.690 Executing VM operation: G1CollectForAllocation (G1 Evacuation Pause)

Memory protections (0 events):
No events

Nmethod flushes (20 events):
Event: 137.682 Thread 0x00000175d59b0fe0 flushing  nmethod 0x00000175c251e910
Event: 137.682 Thread 0x00000175d59b0fe0 flushing  nmethod 0x00000175c25c6890
Event: 137.682 Thread 0x00000175d59b0fe0 flushing  nmethod 0x00000175c25c7a90
Event: 137.682 Thread 0x00000175d59b0fe0 flushing  nmethod 0x00000175c25e0d90
Event: 137.682 Thread 0x00000175d59b0fe0 flushing  nmethod 0x00000175c25e1190
Event: 137.682 Thread 0x00000175d59b0fe0 flushing  nmethod 0x00000175c25e2190
Event: 137.682 Thread 0x00000175d59b0fe0 flushing  nmethod 0x00000175c25e2490
Event: 137.682 Thread 0x00000175d59b0fe0 flushing  nmethod 0x00000175c25e2b90
Event: 137.682 Thread 0x00000175d59b0fe0 flushing  nmethod 0x00000175c25e3410
Event: 137.682 Thread 0x00000175d59b0fe0 flushing  nmethod 0x00000175c25e3790
Event: 137.683 Thread 0x00000175d59b0fe0 flushing  nmethod 0x00000175c25eac90
Event: 137.683 Thread 0x00000175d59b0fe0 flushing  nmethod 0x00000175c25f0f10
Event: 137.683 Thread 0x00000175d59b0fe0 flushing  nmethod 0x00000175c25f2190
Event: 137.683 Thread 0x00000175d59b0fe0 flushing  nmethod 0x00000175c266e710
Event: 137.683 Thread 0x00000175d59b0fe0 flushing  nmethod 0x00000175c2717e90
Event: 137.683 Thread 0x00000175d59b0fe0 flushing  nmethod 0x00000175c271ce10
Event: 137.683 Thread 0x00000175d59b0fe0 flushing  nmethod 0x00000175c274ad90
Event: 137.683 Thread 0x00000175d59b0fe0 flushing  nmethod 0x00000175c274bb10
Event: 137.683 Thread 0x00000175d59b0fe0 flushing  nmethod 0x00000175c274da10
Event: 137.683 Thread 0x00000175d59b0fe0 flushing  nmethod 0x00000175c274fe10

Events (20 events):
Event: 28.758 Thread 0x00000175d5df4bc0 Thread added: 0x00000175dafe1a80
Event: 28.913 Thread 0x00000175d5df4bc0 Thread added: 0x00000175dafdec90
Event: 49.460 Thread 0x00000175d5df4bc0 Thread added: 0x00000175dafe2e30
Event: 49.461 Thread 0x00000175d5df4bc0 Thread added: 0x00000175dafdf9b0
Event: 49.461 Thread 0x00000175d5df4bc0 Thread added: 0x00000175dafe5c20
Event: 49.461 Thread 0x00000175d5df4bc0 Thread added: 0x00000175dafe4870
Event: 73.889 Thread 0x00000175d5df4bc0 Thread added: 0x00000175dafe41e0
Event: 73.990 Thread 0x00000175d5df4bc0 Thread added: 0x00000175dafe3b50
Event: 84.383 Thread 0x00000175d5df4bc0 Thread added: 0x00000175dafe4f00
Event: 85.003 Thread 0x00000175d5df4bc0 Thread added: 0x00000175dafe27a0
Event: 90.664 Thread 0x00000175d5df4bc0 Thread added: 0x00000175dafe5590
Event: 90.671 Thread 0x00000175d5df4bc0 Thread added: 0x00000175ddadcec0
Event: 93.781 Thread 0x00000175d5df4bc0 Thread added: 0x00000175ddade900
Event: 93.783 Thread 0x00000175d5df4bc0 Thread added: 0x00000175ddae09d0
Event: 134.187 Thread 0x00000175d5df4bc0 Thread added: 0x00000175ddadd550
Event: 134.189 Thread 0x00000175d5df4bc0 Thread added: 0x00000175ddaddbe0
Event: 134.190 Thread 0x00000175d5df4bc0 Thread added: 0x00000175ddae0340
Event: 138.086 Thread 0x00000175d5df4bc0 Thread added: 0x00000175ddae16f0
Event: 138.087 Thread 0x00000175d5df4bc0 Thread added: 0x00000175ddade270
Event: 138.089 Thread 0x00000175d5df4bc0 Thread added: 0x00000175ddae2aa0


Dynamic libraries:
0x00007ff656a50000 - 0x00007ff656a5a000 	C:\Users\HP\Desktop\CROSS PLATFORM\jbr\bin\java.exe
0x00007ffb801e0000 - 0x00007ffb80449000 	C:\WINDOWS\SYSTEM32\ntdll.dll
0x00007ffb7ec70000 - 0x00007ffb7ed39000 	C:\WINDOWS\System32\KERNEL32.DLL
0x00007ffb7d730000 - 0x00007ffb7db23000 	C:\WINDOWS\System32\KERNELBASE.dll
0x00007ffb7d430000 - 0x00007ffb7d57b000 	C:\WINDOWS\System32\ucrtbase.dll
0x00007ffb635c0000 - 0x00007ffb635db000 	C:\Users\HP\Desktop\CROSS PLATFORM\jbr\bin\VCRUNTIME140.dll
0x00007ffb6a3c0000 - 0x00007ffb6a3d8000 	C:\Users\HP\Desktop\CROSS PLATFORM\jbr\bin\jli.dll
0x00007ffb7e030000 - 0x00007ffb7e1f4000 	C:\WINDOWS\System32\USER32.dll
0x00007ffb7d700000 - 0x00007ffb7d727000 	C:\WINDOWS\System32\win32u.dll
0x00007ffb80170000 - 0x00007ffb8019b000 	C:\WINDOWS\System32\GDI32.dll
0x00007ffb7de80000 - 0x00007ffb7dfad000 	C:\WINDOWS\System32\gdi32full.dll
0x00007ffb7db30000 - 0x00007ffb7dbd3000 	C:\WINDOWS\System32\msvcp_win.dll
0x00007ffb5e520000 - 0x00007ffb5e7b3000 	C:\WINDOWS\WinSxS\amd64_microsoft.windows.common-controls_6595b64144ccf1df_6.0.26100.5074_none_3e0d6f78e32fd63f\COMCTL32.dll
0x00007ffb7fbd0000 - 0x00007ffb7fc79000 	C:\WINDOWS\System32\msvcrt.dll
0x00007ffb7fac0000 - 0x00007ffb7faef000 	C:\WINDOWS\System32\IMM32.DLL
0x00007ffb69940000 - 0x00007ffb6994c000 	C:\Users\HP\Desktop\CROSS PLATFORM\jbr\bin\vcruntime140_1.dll
0x00007ffb4a9e0000 - 0x00007ffb4aa6d000 	C:\Users\HP\Desktop\CROSS PLATFORM\jbr\bin\msvcp140.dll
0x00007ffb067f0000 - 0x00007ffb0747e000 	C:\Users\HP\Desktop\CROSS PLATFORM\jbr\bin\server\jvm.dll
0x00007ffb800b0000 - 0x00007ffb80164000 	C:\WINDOWS\System32\ADVAPI32.dll
0x00007ffb7fb20000 - 0x00007ffb7fbc6000 	C:\WINDOWS\System32\sechost.dll
0x00007ffb7f650000 - 0x00007ffb7f768000 	C:\WINDOWS\System32\RPCRT4.dll
0x00007ffb7dfb0000 - 0x00007ffb7e024000 	C:\WINDOWS\System32\WS2_32.dll
0x00007ffb5e7c0000 - 0x00007ffb5e7f5000 	C:\WINDOWS\SYSTEM32\WINMM.dll
0x00007ffb7d1f0000 - 0x00007ffb7d24e000 	C:\WINDOWS\SYSTEM32\POWRPROF.dll
0x00007ffb6a4a0000 - 0x00007ffb6a4ab000 	C:\WINDOWS\SYSTEM32\VERSION.dll
0x00007ffb7d1d0000 - 0x00007ffb7d1e4000 	C:\WINDOWS\SYSTEM32\UMPDC.dll
0x00007ffb7c120000 - 0x00007ffb7c13b000 	C:\WINDOWS\SYSTEM32\kernel.appcore.dll
0x00007ffb69710000 - 0x00007ffb6971a000 	C:\Users\HP\Desktop\CROSS PLATFORM\jbr\bin\jimage.dll
0x00007ffb76e00000 - 0x00007ffb77042000 	C:\WINDOWS\SYSTEM32\DBGHELP.DLL
0x00007ffb7fc80000 - 0x00007ffb7fffb000 	C:\WINDOWS\System32\combase.dll
0x00007ffb7e200000 - 0x00007ffb7e2d7000 	C:\WINDOWS\System32\OLEAUT32.dll
0x00007ffb5d5b0000 - 0x00007ffb5d5ed000 	C:\WINDOWS\SYSTEM32\dbgcore.DLL
0x00007ffb7dd50000 - 0x00007ffb7dde9000 	C:\WINDOWS\System32\bcryptPrimitives.dll
0x00007ffb6aa90000 - 0x00007ffb6aa9e000 	C:\Users\HP\Desktop\CROSS PLATFORM\jbr\bin\instrument.dll
0x00007ffb611f0000 - 0x00007ffb61210000 	C:\Users\HP\Desktop\CROSS PLATFORM\jbr\bin\java.dll
0x00007ffb611d0000 - 0x00007ffb611e8000 	C:\Users\HP\Desktop\CROSS PLATFORM\jbr\bin\zip.dll
0x00007ffb7ef00000 - 0x00007ffb7f64d000 	C:\WINDOWS\System32\SHELL32.dll
0x00007ffb7dbe0000 - 0x00007ffb7dd4c000 	C:\WINDOWS\System32\wintypes.dll
0x00007ffb7afb0000 - 0x00007ffb7b809000 	C:\WINDOWS\SYSTEM32\windows.storage.dll
0x00007ffb7e340000 - 0x00007ffb7e430000 	C:\WINDOWS\System32\SHCORE.dll
0x00007ffb7eb00000 - 0x00007ffb7eb62000 	C:\WINDOWS\System32\shlwapi.dll
0x00007ffb7d290000 - 0x00007ffb7d2b9000 	C:\WINDOWS\SYSTEM32\profapi.dll
0x00007ffb631f0000 - 0x00007ffb63200000 	C:\Users\HP\Desktop\CROSS PLATFORM\jbr\bin\net.dll
0x00007ffb6b450000 - 0x00007ffb6b56f000 	C:\WINDOWS\SYSTEM32\WINHTTP.dll
0x00007ffb7c6a0000 - 0x00007ffb7c70b000 	C:\WINDOWS\system32\mswsock.dll
0x00007ffb5ed60000 - 0x00007ffb5ed76000 	C:\Users\HP\Desktop\CROSS PLATFORM\jbr\bin\nio.dll
0x00007ffb6a4b0000 - 0x00007ffb6a4c0000 	C:\Users\HP\Desktop\CROSS PLATFORM\jbr\bin\verify.dll
0x00007ffb597c0000 - 0x00007ffb597e7000 	C:\Users\HP\.gradle\native\1def1411415f61bf3af743bc5b6707747c0891f09f0c88961ee8f79bc544acac\windows-amd64\native-platform.dll
0x00007ffb4a960000 - 0x00007ffb4a9d8000 	C:\Users\HP\.gradle\native\0.2.7\x86_64-windows-gnu\gradle-fileevents.dll
0x00007ffb5ed40000 - 0x00007ffb5ed49000 	C:\Users\HP\Desktop\CROSS PLATFORM\jbr\bin\management.dll
0x00007ffb5ed30000 - 0x00007ffb5ed3b000 	C:\Users\HP\Desktop\CROSS PLATFORM\jbr\bin\management_ext.dll
0x00007ffb7e630000 - 0x00007ffb7e638000 	C:\WINDOWS\System32\PSAPI.DLL
0x00007ffb7bb40000 - 0x00007ffb7bb74000 	C:\WINDOWS\SYSTEM32\IPHLPAPI.DLL
0x00007ffb7fab0000 - 0x00007ffb7faba000 	C:\WINDOWS\System32\NSI.dll
0x00007ffb5ed50000 - 0x00007ffb5ed59000 	C:\Users\HP\Desktop\CROSS PLATFORM\jbr\bin\extnet.dll
0x00007ffb7c950000 - 0x00007ffb7c96b000 	C:\WINDOWS\SYSTEM32\CRYPTSP.dll
0x00007ffb7c080000 - 0x00007ffb7c0bb000 	C:\WINDOWS\system32\rsaenh.dll
0x00007ffb7c740000 - 0x00007ffb7c76b000 	C:\WINDOWS\SYSTEM32\USERENV.dll
0x00007ffb7d260000 - 0x00007ffb7d286000 	C:\WINDOWS\SYSTEM32\bcrypt.dll
0x00007ffb7c940000 - 0x00007ffb7c94c000 	C:\WINDOWS\SYSTEM32\CRYPTBASE.dll
0x00007ffb0a4c0000 - 0x00007ffb0a4c8000 	C:\WINDOWS\system32\wshunix.dll
0x00007ffb7c240000 - 0x00007ffb7c276000 	C:\WINDOWS\SYSTEM32\ntmarta.dll

dbghelp: loaded successfully - version: 4.0.5 - missing functions: none
symbol engine: initialized successfully - sym options: 0x614 - pdb path: .;C:\Users\HP\Desktop\CROSS PLATFORM\jbr\bin;C:\WINDOWS\SYSTEM32;C:\WINDOWS\WinSxS\amd64_microsoft.windows.common-controls_6595b64144ccf1df_6.0.26100.5074_none_3e0d6f78e32fd63f;C:\Users\HP\Desktop\CROSS PLATFORM\jbr\bin\server;C:\Users\HP\.gradle\native\1def1411415f61bf3af743bc5b6707747c0891f09f0c88961ee8f79bc544acac\windows-amd64;C:\Users\HP\.gradle\native\0.2.7\x86_64-windows-gnu

VM Arguments:
jvm_args: --add-opens=java.base/java.lang=ALL-UNNAMED --add-opens=java.base/java.lang.invoke=ALL-UNNAMED --add-opens=java.base/java.util=ALL-UNNAMED --add-opens=java.prefs/java.util.prefs=ALL-UNNAMED --add-exports=jdk.compiler/com.sun.tools.javac.api=ALL-UNNAMED --add-exports=jdk.compiler/com.sun.tools.javac.util=ALL-UNNAMED --add-opens=java.base/java.util=ALL-UNNAMED --add-opens=java.prefs/java.util.prefs=ALL-UNNAMED --add-opens=java.base/java.nio.charset=ALL-UNNAMED --add-opens=java.base/java.net=ALL-UNNAMED --add-opens=java.base/java.util.concurrent.atomic=ALL-UNNAMED --add-opens=java.xml/javax.xml.namespace=ALL-UNNAMED -XX:MaxMetaspaceSize=512m -Xmx2048m -Dfile.encoding=UTF-8 -Duser.country=CA -Duser.language=en -Duser.variant -javaagent:C:\Users\HP\.gradle\wrapper\dists\gradle-8.14.3-bin\cv11ve7ro1n3o1j4so8xd9n66\gradle-8.14.3\lib\agents\gradle-instrumentation-agent-8.14.3.jar 
java_command: org.gradle.launcher.daemon.bootstrap.GradleDaemon 8.14.3
java_class_path (initial): C:\Users\HP\.gradle\wrapper\dists\gradle-8.14.3-bin\cv11ve7ro1n3o1j4so8xd9n66\gradle-8.14.3\lib\gradle-daemon-main-8.14.3.jar
Launcher Type: SUN_STANDARD

[Global flags]
     intx CICompilerCount                          = 3                                         {product} {ergonomic}
   size_t CompressedClassSpaceSize                 = 436207616                                 {product} {ergonomic}
     uint ConcGCThreads                            = 1                                         {product} {ergonomic}
     uint G1ConcRefinementThreads                  = 4                                         {product} {ergonomic}
   size_t G1HeapRegionSize                         = 1048576                                   {product} {ergonomic}
    uintx GCDrainStackTargetSize                   = 64                                        {product} {ergonomic}
   size_t InitialHeapSize                          = 132120576                                 {product} {ergonomic}
   size_t MarkStackSize                            = 4194304                                   {product} {ergonomic}
   size_t MaxHeapSize                              = 2147483648                                {product} {command line}
   size_t MaxMetaspaceSize                         = 536870912                                 {product} {command line}
   size_t MaxNewSize                               = 1287651328                                {product} {ergonomic}
   size_t MinHeapDeltaBytes                        = 1048576                                   {product} {ergonomic}
   size_t MinHeapSize                              = 8388608                                   {product} {ergonomic}
    uintx NonNMethodCodeHeapSize                   = 5832780                                {pd product} {ergonomic}
    uintx NonProfiledCodeHeapSize                  = 122912730                              {pd product} {ergonomic}
    uintx ProfiledCodeHeapSize                     = 122912730                              {pd product} {ergonomic}
    uintx ReservedCodeCacheSize                    = 251658240                              {pd product} {ergonomic}
     bool SegmentedCodeCache                       = true                                      {product} {ergonomic}
   size_t SoftMaxHeapSize                          = 2147483648                             {manageable} {ergonomic}
     bool UseCompressedOops                        = true                           {product lp64_product} {ergonomic}
     bool UseG1GC                                  = true                                      {product} {ergonomic}
     bool UseLargePagesIndividualAllocation        = false                                  {pd product} {ergonomic}

Logging:
Log output configuration:
 #0: stdout all=warning uptime,level,tags foldmultilines=false
 #1: stderr all=off uptime,level,tags foldmultilines=false

Environment Variables:
PATH=C:\Program Files\Common Files\Oracle\Java\javapath;C:\Python312\Scripts\;C:\Python312\;C:\WINDOWS\system32;C:\WINDOWS;C:\WINDOWS\System32\Wbem;C:\WINDOWS\System32\WindowsPowerShell\v1.0\;C:\WINDOWS\System32\OpenSSH\;C:\ProgramData\chocolatey\bin;C:\Program Files\PuTTY\;C:\Program Files\Git\cmd;C:\Program Files\nodejs\;C:\Program Files\Common Files\Oracle\Java\javapath;C:\Python312\Scripts\;C:\Python312\;C:\WINDOWS\system32;C:\WINDOWS;C:\WINDOWS\System32\Wbem;C:\WINDOWS\System32\WindowsPowerShell\v1.0\;C:\WINDOWS\System32\OpenSSH\;C:\ProgramData\chocolatey\bin;C:\Program Files\PuTTY\;C:\Program Files\Git\cmd;C:\Program Files\nodejs\;C:\Program Files\Common Files\Oracle\Java\javapath;C:\Python312\Scripts\;C:\Python312\;C:\WINDOWS\system32;C:\WINDOWS;C:\WINDOWS\System32\Wbem;C:\WINDOWS\System32\WindowsPowerShell\v1.0\;C:\WINDOWS\System32\OpenSSH\;C:\ProgramData\chocolatey\bin;C:\Program Files\PuTTY\;C:\Program Files\Git\cmd;C:\Program Files\nodejs\;C:\Users\HP\AppData\Local\Microsoft\WindowsApps;C:\Users\HP\AppData\Local\Programs\Microsoft VS Code\bin;C:\Users\HP\AppData\Local\Microsoft\WinGet\Packages\Schniz.fnm_Microsoft.Winget.Source_8wekyb3d8bbwe;C:\Users\HP\AppData\Local\GitHubDesktop\bin;C:\Users\HP\AppData\Local\msys64\ucrt64\bin;C:\Users\HP\Desktop\MinGW\bin;C:\Users\HP\AppData\Roaming\npm;C:\Users\HP\AppData\Local\An
USERNAME=HP
OS=Windows_NT
PROCESSOR_IDENTIFIER=Intel64 Family 6 Model 126 Stepping 5, GenuineIntel
TMP=C:\Users\HP\AppData\Local\Temp
TEMP=C:\Users\HP\AppData\Local\Temp




Periodic native trim disabled

JNI global refs:
JNI global refs: 27, weak refs: 0

JNI global refs memory usage: 835, weak refs: 833

Process memory usage:
Resident Set Size: 361828K (4% of 8165168K total physical memory with 226864K free physical memory)

OOME stack traces (most recent first):
Classloader memory used:
Loader org.gradle.internal.classloader.VisitableURLClassLoader                         : 34850K
Loader bootstrap                                                                       : 23142K
Loader org.gradle.initialization.MixInLegacyTypesClassLoader                           : 6661K
Loader org.gradle.internal.classloader.VisitableURLClassLoader                         : 722K
Loader jdk.internal.loader.ClassLoaders$PlatformClassLoader                            : 516K
Loader jdk.internal.loader.ClassLoaders$AppClassLoader                                 : 235K
Loader jdk.internal.reflect.DelegatingClassLoader                                      : 161K
Loader org.gradle.groovy.scripts.internal.DefaultScriptCompilationHandler$ScriptClassLoader: 73280B
Loader org.codehaus.groovy.runtime.callsite.CallSiteClassLoader                        : 18536B

Classes loaded by more than one classloader:
Class org.gradle.api.GradleException                                                  : loaded 3 times (x 80B)
Class org.gradle.internal.classloader.FilteringClassLoader                            : loaded 2 times (x 103B)
Class org.gradle.internal.classloader.ClassLoaderHierarchy                            : loaded 2 times (x 68B)
Class org.gradle.api.internal.classpath.ManifestUtil                                  : loaded 2 times (x 69B)
Class org.gradle.internal.operations.MultipleBuildOperationFailures                   : loaded 2 times (x 93B)
Class org.gradle.internal.classloader.DefaultClassLoaderFactory                       : loaded 2 times (x 80B)
Class kotlin.collections.AbstractList$Companion                                       : loaded 2 times (x 69B)
Class org.gradle.internal.classloader.ClassLoaderVisitor                              : loaded 2 times (x 74B)
Class org.gradle.api.internal.classpath.EffectiveClassPath                            : loaded 2 times (x 88B)
Class org.gradle.api.internal.DefaultClassPathProvider                                : loaded 2 times (x 74B)
Class [Lorg.gradle.api.internal.ClassPathProvider;                                    : loaded 2 times (x 67B)
Class org.gradle.api.internal.ClassPathProvider                                       : loaded 2 times (x 68B)
Class org.gradle.internal.service.UnknownServiceException                             : loaded 2 times (x 81B)
Class org.gradle.internal.classpath.TransformedClassPath                              : loaded 2 times (x 94B)
Class org.gradle.internal.classloader.InstrumentingClassLoader                        : loaded 2 times (x 68B)
Class kotlin.enums.EnumEntriesList                                                    : loaded 2 times (x 221B)
Class org.gradle.internal.service.ServiceLocator                                      : loaded 2 times (x 68B)
Class org.gradle.internal.InternalTransformer                                         : loaded 2 times (x 68B)
Class org.gradle.internal.time.DefaultTimer                                           : loaded 2 times (x 78B)
Class org.gradle.internal.classloader.ClasspathUtil$1                                 : loaded 2 times (x 74B)
Class org.gradle.api.internal.classpath.DefaultModuleRegistry$DefaultModule           : loaded 2 times (x 84B)
Class org.gradle.internal.time.DefaultCountdownTimer                                  : loaded 2 times (x 86B)
Class kotlin.Function                                                                 : loaded 2 times (x 68B)
Class org.gradle.api.internal.classpath.Module                                        : loaded 2 times (x 68B)
Class org.gradle.api.internal.classpath.UnknownModuleException                        : loaded 2 times (x 80B)
Class org.gradle.api.internal.DefaultClassPathRegistry                                : loaded 2 times (x 74B)
Class org.gradle.api.internal.ClassPathRegistry                                       : loaded 2 times (x 68B)
Class org.gradle.internal.classpath.DefaultClassPath$ImmutableUniqueList              : loaded 2 times (x 197B)
Class org.gradle.internal.classpath.ClassPath                                         : loaded 2 times (x 68B)
Class org.gradle.api.UncheckedIOException                                             : loaded 2 times (x 80B)
Class kotlin.UninitializedPropertyAccessException                                     : loaded 2 times (x 80B)
Class org.gradle.internal.installation.GradleInstallation$1                           : loaded 2 times (x 73B)
Class org.gradle.api.internal.classpath.ModuleRegistry                                : loaded 2 times (x 68B)
Class org.gradle.api.internal.classpath.DefaultModuleRegistry                         : loaded 2 times (x 84B)
Class org.gradle.internal.time.MonotonicClock                                         : loaded 2 times (x 75B)
Class org.gradle.internal.service.ServiceLookupException                              : loaded 2 times (x 80B)
Class org.gradle.internal.classloader.ClassLoaderFactory                              : loaded 2 times (x 68B)
Class org.gradle.internal.service.CachingServiceLocator                               : loaded 2 times (x 80B)
Class org.gradle.internal.time.TimeSource                                             : loaded 2 times (x 68B)
Class kotlin.enums.EnumEntries                                                        : loaded 2 times (x 68B)
Class org.gradle.internal.exceptions.ResolutionProvider                               : loaded 2 times (x 68B)
Class org.gradle.internal.classloader.ClasspathUtil                                   : loaded 2 times (x 69B)
Class org.gradle.internal.time.TimeSource$1                                           : loaded 2 times (x 75B)
Class org.gradle.api.specs.Spec                                                       : loaded 2 times (x 68B)
Class org.gradle.internal.time.Clock                                                  : loaded 2 times (x 68B)
Class kotlin.collections.AbstractList                                                 : loaded 2 times (x 195B)
Class kotlin.collections.AbstractCollection                                           : loaded 2 times (x 115B)
Class org.gradle.internal.classloader.VisitableURLClassLoader$InstrumentingVisitableURLClassLoader: loaded 2 times (x 121B)
Class org.gradle.internal.classloader.VisitableURLClassLoader$Spec                    : loaded 2 times (x 72B)
Class org.gradle.internal.classpath.DefaultClassPath                                  : loaded 2 times (x 88B)
Class org.gradle.internal.classloader.ClassLoaderSpec                                 : loaded 2 times (x 69B)
Class org.gradle.internal.classloader.VisitableURLClassLoader                         : loaded 2 times (x 115B)
Class org.gradle.internal.Cast                                                        : loaded 2 times (x 69B)
Class org.gradle.api.Action                                                           : loaded 2 times (x 68B)
Class kotlin.jvm.functions.Function1                                                  : loaded 2 times (x 68B)
Class org.gradle.internal.classpath.DefaultClassPath$ImmutableUniqueList$Builder      : loaded 2 times (x 73B)
Class kotlin.NotImplementedError                                                      : loaded 2 times (x 80B)
Class org.gradle.internal.exceptions.NonGradleCauseExceptionsHolder                   : loaded 2 times (x 68B)
Class kotlin.enums.EnumEntriesKt                                                      : loaded 2 times (x 69B)
Class org.gradle.internal.IoActions                                                   : loaded 2 times (x 69B)
Class org.gradle.internal.classloader.SystemClassLoaderSpec                           : loaded 2 times (x 69B)
Class org.gradle.internal.exceptions.MultiCauseException                              : loaded 2 times (x 68B)
Class org.gradle.internal.time.CountdownTimer                                         : loaded 2 times (x 68B)
Class kotlin.jvm.internal.Intrinsics                                                  : loaded 2 times (x 69B)
Class org.gradle.tooling.model.ProjectModel                                           : loaded 2 times (x 68B)
Class kotlin.KotlinNullPointerException                                               : loaded 2 times (x 81B)
Class org.gradle.internal.exceptions.DefaultMultiCauseException                       : loaded 2 times (x 93B)
Class org.gradle.internal.time.Time                                                   : loaded 2 times (x 69B)
Class sync_studio_tooling_254udzgg0cg3bzbbkg7lnkc3x                                   : loaded 2 times (x 177B)
Class org.gradle.api.internal.classpath.GlobalCacheRootsProvider                      : loaded 2 times (x 68B)
Class org.gradle.internal.time.Timer                                                  : loaded 2 times (x 68B)
Class kotlin.jvm.internal.markers.KMappedMarker                                       : loaded 2 times (x 68B)
Class org.gradle.internal.installation.CurrentGradleInstallationLocator               : loaded 2 times (x 69B)
Class org.gradle.internal.service.DefaultServiceLocator                               : loaded 2 times (x 81B)
Class org.gradle.util.GradleVersion                                                   : loaded 2 times (x 77B)
Class org.gradle.internal.installation.CurrentGradleInstallation                      : loaded 2 times (x 71B)
Class org.gradle.util.internal.GUtil                                                  : loaded 2 times (x 69B)
Class org.gradle.internal.installation.GradleInstallation                             : loaded 2 times (x 73B)

---------------  S Y S T E M  ---------------

OS:
 Windows 11 , 64 bit Build 26100 (10.0.26100.5074)
OS uptime: 5 days 2:35 hours

CPU: total 4 (initial active 4) (2 cores per cpu, 2 threads per core) family 6 model 126 stepping 5 microcode 0xa6, cx8, cmov, fxsr, ht, mmx, 3dnowpref, sse, sse2, sse3, ssse3, sse4.1, sse4.2, popcnt, lzcnt, tsc, tscinvbit, avx, avx2, aes, erms, clmul, bmi1, bmi2, adx, avx512f, avx512dq, avx512cd, avx512bw, avx512vl, sha, fma, vzeroupper, avx512_vpopcntdq, avx512_vpclmulqdq, avx512_vaes, avx512_vnni, clflush, clflushopt, avx512_vbmi2, avx512_vbmi, rdtscp, rdpid, fsrm, gfni, avx512_bitalg, f16c, pku, avx512_ifma
Processor Information for processor 0
  Max Mhz: 1190, Current Mhz: 1190, Mhz Limit: 1190
Processor Information for processor 1
  Max Mhz: 1190, Current Mhz: 1190, Mhz Limit: 1190
Processor Information for processor 2
  Max Mhz: 1190, Current Mhz: 991, Mhz Limit: 1190
Processor Information for processor 3
  Max Mhz: 1190, Current Mhz: 1190, Mhz Limit: 1190

Memory: 4k page, system-wide physical 7973M (215M free)
TotalPageFile size 23109M (AvailPageFile size 42M)
current process WorkingSet (physical memory assigned to process): 355M, peak: 370M
current process commit charge ("private bytes"): 462M, peak: 688M

vm_info: OpenJDK 64-Bit Server VM (21.0.7+-13880790-b1038.58) for windows-amd64 JRE (21.0.7+-13880790-b1038.58), built on 2025-08-04T20:56:21Z by "builder" with MS VC++ 16.10 / 16.11 (VS2019)

END.
